#
# There is insufficient memory for the Java Runtime Environment to continue.
# Native memory allocation (malloc) failed to allocate 2302624 bytes for Chunk::new
# Possible reasons:
#   The system is out of physical RAM or swap space
#   The process is running with CompressedOops enabled, and the Java Heap may be blocking the growth of the native heap
# Possible solutions:
#   Reduce memory load on the system
#   Increase physical memory or swap space
#   Check if swap backing store is full
#   Decrease Java heap size (-Xmx/-Xms)
#   Decrease number of Java threads
#   Decrease Java thread stack sizes (-Xss)
#   Set larger code cache with -XX:ReservedCodeCacheSize=
#   JVM is running with Unscaled Compressed Oops mode in which the Java heap is
#     placed in the first 4GB address space. The Java Heap base address is the
#     maximum limit for the native heap growth. Please use -XX:HeapBaseMinAddress
#     to set the Java Heap base and to place the Java Heap above 4GB virtual address.
# This output file may be truncated or incomplete.
#
#  Out of Memory Error (arena.cpp:189), pid=3912, tid=22780
#
# JRE version: Java(TM) SE Runtime Environment (17.0.12+8) (build 17.0.12+8-LTS-286)
# Java VM: Java HotSpot(TM) 64-Bit Server VM (17.0.12+8-LTS-286, mixed mode, sharing, tiered, compressed oops, compressed class ptrs, g1 gc, windows-amd64)
# No core dump will be written. Minidumps are not enabled by default on client versions of Windows
#

---------------  S U M M A R Y ------------

Command Line: -XX:MaxMetaspaceSize=512m --add-opens=java.base/java.util=ALL-UNNAMED --add-opens=java.base/java.lang=ALL-UNNAMED --add-opens=java.base/java.lang.invoke=ALL-UNNAMED --add-opens=java.prefs/java.util.prefs=ALL-UNNAMED --add-exports=jdk.compiler/com.sun.tools.javac.api=ALL-UNNAMED --add-exports=jdk.compiler/com.sun.tools.javac.util=ALL-UNNAMED --add-opens=java.base/java.nio.charset=ALL-UNNAMED --add-opens=java.base/java.net=ALL-UNNAMED --add-opens=java.base/java.util.concurrent.atomic=ALL-UNNAMED -Xmx2048m -Dfile.encoding=x-windows-949 -Duser.country=KR -Duser.language=ko -Duser.variant -javaagent:C:\Users\00021\.gradle\wrapper\dists\gradle-8.10.2-all\7iv73wktx1xtkvlq19urqw1wm\gradle-8.10.2\lib\agents\gradle-instrumentation-agent-8.10.2.jar org.gradle.launcher.daemon.bootstrap.GradleDaemon 8.10.2

Host: 11th Gen Intel(R) Core(TM) i5-1135G7 @ 2.40GHz, 8 cores, 7G,  Windows 11 , 64 bit Build 22621 (10.0.22621.4391)
Time: Sat Jan 25 00:11:01 2025  Windows 11 , 64 bit Build 22621 (10.0.22621.4391) elapsed time: 108.282445 seconds (0d 0h 1m 48s)

---------------  T H R E A D  ---------------

Current thread (0x000001f7e02e52c0):  JavaThread "C2 CompilerThread0" daemon [_thread_in_native, id=22780, stack(0x0000000e23800000,0x0000000e23900000)]


Current CompileTask:
C2: 108282 14572       4       org.gradle.internal.instantiation.generator.AbstractClassGenerator::inspectType (560 bytes)

Stack: [0x0000000e23800000,0x0000000e23900000]
Native frames: (J=compiled Java code, j=interpreted, Vv=VM code, C=native code)
V  [jvm.dll+0x67a04a]
V  [jvm.dll+0x7da4ed]
V  [jvm.dll+0x7dbe33]
V  [jvm.dll+0x7dc4a3]
V  [jvm.dll+0x24508f]
V  [jvm.dll+0xab773]
V  [jvm.dll+0xabd3c]
V  [jvm.dll+0x361bee]
V  [jvm.dll+0x1ba64a]
V  [jvm.dll+0x216997]
V  [jvm.dll+0x215c6f]
V  [jvm.dll+0x1a2960]
V  [jvm.dll+0x22610b]
V  [jvm.dll+0x2242ab]
V  [jvm.dll+0x79075c]
V  [jvm.dll+0x78abea]
V  [jvm.dll+0x678f35]
C  [ucrtbase.dll+0x29333]
C  [KERNEL32.DLL+0x1259d]
C  [ntdll.dll+0x5af38]


---------------  P R O C E S S  ---------------

Threads class SMR info:
_java_thread_list=0x000001f784eac5e0, length=139, elements={
0x000001f7c20eac00, 0x000001f7e02c6590, 0x000001f7e02c9160, 0x000001f7e02de1c0,
0x000001f7e02ded80, 0x000001f7e02e1750, 0x000001f7e02e4520, 0x000001f7e02e52c0,
0x000001f7e02e6d80, 0x000001f7e03f8070, 0x000001f7e048b540, 0x000001f7e058b1f0,
0x000001f780343fa0, 0x000001f780108f00, 0x000001f7801cda30, 0x000001f780c359a0,
0x000001f78005afb0, 0x000001f7e089c480, 0x000001f7e089e2e0, 0x000001f7e089e7f0,
0x000001f7e089c990, 0x000001f7e089ba60, 0x000001f7e089cea0, 0x000001f7e089ddd0,
0x000001f7e089b550, 0x000001f7e089bf70, 0x000001f7e089d8c0, 0x000001f7e089b040,
0x000001f7e089d3b0, 0x000001f7823dc570, 0x000001f7823d7980, 0x000001f7823d83a0,
0x000001f7823d88b0, 0x000001f7823d8dc0, 0x000001f7823d6030, 0x000001f7823dc060,
0x000001f7823d92d0, 0x000001f7823d7470, 0x000001f7823dca80, 0x000001f7823dcf90,
0x000001f7823d97e0, 0x000001f7823d9cf0, 0x000001f7823da200, 0x000001f7823da710,
0x000001f7823dd9b0, 0x000001f7823d6540, 0x000001f7823db130, 0x000001f7823db640,
0x000001f7823dbb50, 0x000001f7823d6a50, 0x000001f7823d6f60, 0x000001f7824ae170,
0x000001f7824af5b0, 0x000001f7824ab8f0, 0x000001f7824afac0, 0x000001f7824b1410,
0x000001f7824b1920, 0x000001f7824ad750, 0x000001f7824affd0, 0x000001f7824adc60,
0x000001f7824b2340, 0x000001f7824ad240, 0x000001f7824b2d60, 0x000001f7824b1e30,
0x000001f7824abe00, 0x000001f7824ae680, 0x000001f7824b3270, 0x000001f7824b0f00,
0x000001f7824ac310, 0x000001f7824b04e0, 0x000001f7824af0a0, 0x000001f7824b2850,
0x000001f7824b09f0, 0x000001f7824acd30, 0x000001f783059df0, 0x000001f783057060,
0x000001f7830598e0, 0x000001f78305a300, 0x000001f78305a810, 0x000001f783057570,
0x000001f783057f90, 0x000001f7830593d0, 0x000001f7830584a0, 0x000001f783058ec0,
0x000001f7830589b0, 0x000001f782c24fd0, 0x000001f782c21310, 0x000001f782c26410,
0x000001f782c254e0, 0x000001f782c26e30, 0x000001f782c22750, 0x000001f782c22240,
0x000001f782c24ac0, 0x000001f782c21820, 0x000001f782c259f0, 0x000001f782c208f0,
0x000001f782c23680, 0x000001f782c26920, 0x000001f782c22c60, 0x000001f782c25f00,
0x000001f782c27340, 0x000001f782c23170, 0x000001f782c1fed0, 0x000001f782c27850,
0x000001f782c23b90, 0x000001f782c203e0, 0x000001f782c20e00, 0x000001f782c21d30,
0x000001f782c240a0, 0x000001f782c245b0, 0x000001f783c658f0, 0x000001f783c653e0,
0x000001f783c65e00, 0x000001f783c64ed0, 0x000001f783c66310, 0x000001f783c63070,
0x000001f783c66820, 0x000001f783c63580, 0x000001f783c63a90, 0x000001f783c63fa0,
0x000001f783c649c0, 0x000001f783c644b0, 0x000001f784a0b550, 0x000001f784a07890,
0x000001f784a087c0, 0x000001f784a0ab30, 0x000001f784a0bf70, 0x000001f784a08cd0,
0x000001f784a082b0, 0x000001f784a091e0, 0x000001f784a0ba60, 0x000001f784a0a110,
0x000001f784a0e7f0, 0x000001f784a0b040, 0x000001f784a0c480, 0x000001f784a0d3b0,
0x000001f784a0c990, 0x000001f784a0e2e0, 0x000001f784a07da0
}

Java Threads: ( => current thread )
  0x000001f7c20eac00 JavaThread "main" [_thread_blocked, id=4948, stack(0x0000000e22b00000,0x0000000e22c00000)]
  0x000001f7e02c6590 JavaThread "Reference Handler" daemon [_thread_blocked, id=20304, stack(0x0000000e23200000,0x0000000e23300000)]
  0x000001f7e02c9160 JavaThread "Finalizer" daemon [_thread_blocked, id=7676, stack(0x0000000e23300000,0x0000000e23400000)]
  0x000001f7e02de1c0 JavaThread "Signal Dispatcher" daemon [_thread_blocked, id=7348, stack(0x0000000e23400000,0x0000000e23500000)]
  0x000001f7e02ded80 JavaThread "Attach Listener" daemon [_thread_blocked, id=19680, stack(0x0000000e23500000,0x0000000e23600000)]
  0x000001f7e02e1750 JavaThread "Service Thread" daemon [_thread_blocked, id=14072, stack(0x0000000e23600000,0x0000000e23700000)]
  0x000001f7e02e4520 JavaThread "Monitor Deflation Thread" daemon [_thread_blocked, id=23496, stack(0x0000000e23700000,0x0000000e23800000)]
=>0x000001f7e02e52c0 JavaThread "C2 CompilerThread0" daemon [_thread_in_native, id=22780, stack(0x0000000e23800000,0x0000000e23900000)]
  0x000001f7e02e6d80 JavaThread "C1 CompilerThread0" daemon [_thread_blocked, id=11972, stack(0x0000000e23900000,0x0000000e23a00000)]
  0x000001f7e03f8070 JavaThread "Sweeper thread" daemon [_thread_blocked, id=11480, stack(0x0000000e23a00000,0x0000000e23b00000)]
  0x000001f7e048b540 JavaThread "Common-Cleaner" daemon [_thread_blocked, id=22024, stack(0x0000000e23b00000,0x0000000e23c00000)]
  0x000001f7e058b1f0 JavaThread "Notification Thread" daemon [_thread_blocked, id=17680, stack(0x0000000e23c00000,0x0000000e23d00000)]
  0x000001f780343fa0 JavaThread "Daemon health stats" [_thread_blocked, id=15692, stack(0x0000000e24200000,0x0000000e24300000)]
  0x000001f780108f00 JavaThread "Incoming local TCP Connector on port 57913" [_thread_in_native, id=1116, stack(0x0000000e24300000,0x0000000e24400000)]
  0x000001f7801cda30 JavaThread "Daemon periodic checks" [_thread_blocked, id=1120, stack(0x0000000e24400000,0x0000000e24500000)]
  0x000001f780c359a0 JavaThread "Daemon" [_thread_blocked, id=17360, stack(0x0000000e24500000,0x0000000e24600000)]
  0x000001f78005afb0 JavaThread "Handler for socket connection from /127.0.0.1:57913 to /127.0.0.1:57914" [_thread_in_native, id=2856, stack(0x0000000e24600000,0x0000000e24700000)]
  0x000001f7e089c480 JavaThread "Cancel handler" [_thread_blocked, id=16808, stack(0x0000000e24700000,0x0000000e24800000)]
  0x000001f7e089e2e0 JavaThread "Daemon worker" [_thread_in_Java, id=19784, stack(0x0000000e24800000,0x0000000e24900000)]
  0x000001f7e089e7f0 JavaThread "Asynchronous log dispatcher for DefaultDaemonConnection: socket connection from /127.0.0.1:57913 to /127.0.0.1:57914" [_thread_blocked, id=10868, stack(0x0000000e24900000,0x0000000e24a00000)]
  0x000001f7e089c990 JavaThread "Stdin handler" [_thread_blocked, id=13780, stack(0x0000000e24a00000,0x0000000e24b00000)]
  0x000001f7e089ba60 JavaThread "Daemon client event forwarder" [_thread_blocked, id=10488, stack(0x0000000e24b00000,0x0000000e24c00000)]
  0x000001f7e089cea0 JavaThread "Cache worker for journal cache (C:\Users\00021\.gradle\caches\journal-1)" [_thread_blocked, id=12108, stack(0x0000000e24c00000,0x0000000e24d00000)]
  0x000001f7e089ddd0 JavaThread "File lock request listener" [_thread_in_native, id=8364, stack(0x0000000e24d00000,0x0000000e24e00000)]
  0x000001f7e089b550 JavaThread "Cache worker for file hash cache (C:\Users\00021\.gradle\caches\8.10.2\fileHashes)" [_thread_blocked, id=17956, stack(0x0000000e24e00000,0x0000000e24f00000)]
  0x000001f7e089bf70 JavaThread "Cache worker for file hash cache (C:\Users\00021\re\greentouch-demo-app\android\.gradle\8.10.2\fileHashes)" [_thread_blocked, id=11600, stack(0x0000000e25200000,0x0000000e25300000)]
  0x000001f7e089d8c0 JavaThread "Cache worker for Build Output Cleanup Cache (C:\Users\00021\re\greentouch-demo-app\android\.gradle\buildOutputCleanup)" [_thread_blocked, id=4200, stack(0x0000000e25300000,0x0000000e25400000)]
  0x000001f7e089b040 JavaThread "File watcher server" daemon [_thread_in_native, id=17492, stack(0x0000000e25500000,0x0000000e25600000)]
  0x000001f7e089d3b0 JavaThread "File watcher consumer" daemon [_thread_blocked, id=18552, stack(0x0000000e25600000,0x0000000e25700000)]
  0x000001f7823dc570 JavaThread "File lock release action executor Thread 2" [_thread_blocked, id=14464, stack(0x0000000e25800000,0x0000000e25900000)]
  0x000001f7823d7980 JavaThread "Cache worker for checksums cache (C:\Users\00021\re\greentouch-demo-app\android\.gradle\8.10.2\checksums)" [_thread_blocked, id=1880, stack(0x0000000e25900000,0x0000000e25a00000)]
  0x000001f7823d83a0 JavaThread "Cache worker for file content cache (C:\Users\00021\.gradle\caches\8.10.2\fileContent)" [_thread_blocked, id=3328, stack(0x0000000e25a00000,0x0000000e25b00000)]
  0x000001f7823d88b0 JavaThread "Cache worker for cache directory md-rule (C:\Users\00021\.gradle\caches\8.10.2\md-rule)" [_thread_blocked, id=4072, stack(0x0000000e25b00000,0x0000000e25c00000)]
  0x000001f7823d8dc0 JavaThread "Cache worker for cache directory md-supplier (C:\Users\00021\.gradle\caches\8.10.2\md-supplier)" [_thread_blocked, id=16316, stack(0x0000000e25c00000,0x0000000e25d00000)]
  0x000001f7823d6030 JavaThread "jar transforms" [_thread_blocked, id=7444, stack(0x0000000e25d00000,0x0000000e25e00000)]
  0x000001f7823dc060 JavaThread "jar transforms Thread 2" [_thread_blocked, id=22148, stack(0x0000000e25e00000,0x0000000e25f00000)]
  0x000001f7823d92d0 JavaThread "jar transforms Thread 3" [_thread_blocked, id=13988, stack(0x0000000e25f00000,0x0000000e26000000)]
  0x000001f7823d7470 JavaThread "Cache worker for Build Output Cleanup Cache (C:\Users\00021\re\greentouch-demo-app\node_modules\@react-native\gradle-plugin\.gradle\buildOutputCleanup)" [_thread_blocked, id=8624, stack(0x0000000e26000000,0x0000000e26100000)]
  0x000001f7823dca80 JavaThread "Unconstrained build operations" [_thread_blocked, id=17412, stack(0x0000000e26100000,0x0000000e26200000)]
  0x000001f7823dcf90 JavaThread "Unconstrained build operations Thread 2" [_thread_blocked, id=9000, stack(0x0000000e26200000,0x0000000e26300000)]
  0x000001f7823d97e0 JavaThread "Unconstrained build operations Thread 3" [_thread_blocked, id=21492, stack(0x0000000e26300000,0x0000000e26400000)]
  0x000001f7823d9cf0 JavaThread "Unconstrained build operations Thread 4" [_thread_blocked, id=16124, stack(0x0000000e26400000,0x0000000e26500000)]
  0x000001f7823da200 JavaThread "Unconstrained build operations Thread 5" [_thread_blocked, id=20188, stack(0x0000000e26500000,0x0000000e26600000)]
  0x000001f7823da710 JavaThread "Unconstrained build operations Thread 6" [_thread_blocked, id=19600, stack(0x0000000e26600000,0x0000000e26700000)]
  0x000001f7823dd9b0 JavaThread "Unconstrained build operations Thread 7" [_thread_blocked, id=2840, stack(0x0000000e26700000,0x0000000e26800000)]
  0x000001f7823d6540 JavaThread "Unconstrained build operations Thread 8" [_thread_blocked, id=18084, stack(0x0000000e26800000,0x0000000e26900000)]
  0x000001f7823db130 JavaThread "Unconstrained build operations Thread 9" [_thread_blocked, id=9448, stack(0x0000000e26900000,0x0000000e26a00000)]
  0x000001f7823db640 JavaThread "Unconstrained build operations Thread 10" [_thread_blocked, id=8844, stack(0x0000000e26a00000,0x0000000e26b00000)]
  0x000001f7823dbb50 JavaThread "Unconstrained build operations Thread 11" [_thread_blocked, id=21572, stack(0x0000000e26b00000,0x0000000e26c00000)]
  0x000001f7823d6a50 JavaThread "Unconstrained build operations Thread 12" [_thread_blocked, id=3444, stack(0x0000000e26c00000,0x0000000e26d00000)]
  0x000001f7823d6f60 JavaThread "Unconstrained build operations Thread 13" [_thread_blocked, id=22444, stack(0x0000000e26d00000,0x0000000e26e00000)]
  0x000001f7824ae170 JavaThread "Unconstrained build operations Thread 14" [_thread_blocked, id=18000, stack(0x0000000e26e00000,0x0000000e26f00000)]
  0x000001f7824af5b0 JavaThread "Unconstrained build operations Thread 15" [_thread_blocked, id=22064, stack(0x0000000e26f00000,0x0000000e27000000)]
  0x000001f7824ab8f0 JavaThread "Unconstrained build operations Thread 16" [_thread_blocked, id=15324, stack(0x0000000e27000000,0x0000000e27100000)]
  0x000001f7824afac0 JavaThread "Unconstrained build operations Thread 17" [_thread_blocked, id=17172, stack(0x0000000e27100000,0x0000000e27200000)]
  0x000001f7824b1410 JavaThread "Unconstrained build operations Thread 18" [_thread_blocked, id=9944, stack(0x0000000e27200000,0x0000000e27300000)]
  0x000001f7824b1920 JavaThread "Unconstrained build operations Thread 19" [_thread_blocked, id=23040, stack(0x0000000e27300000,0x0000000e27400000)]
  0x000001f7824ad750 JavaThread "Unconstrained build operations Thread 20" [_thread_blocked, id=5108, stack(0x0000000e27400000,0x0000000e27500000)]
  0x000001f7824affd0 JavaThread "Unconstrained build operations Thread 21" [_thread_blocked, id=21660, stack(0x0000000e27500000,0x0000000e27600000)]
  0x000001f7824adc60 JavaThread "Unconstrained build operations Thread 22" [_thread_blocked, id=18164, stack(0x0000000e27600000,0x0000000e27700000)]
  0x000001f7824b2340 JavaThread "Unconstrained build operations Thread 23" [_thread_blocked, id=15076, stack(0x0000000e27700000,0x0000000e27800000)]
  0x000001f7824ad240 JavaThread "Unconstrained build operations Thread 24" [_thread_blocked, id=2720, stack(0x0000000e27800000,0x0000000e27900000)]
  0x000001f7824b2d60 JavaThread "Unconstrained build operations Thread 25" [_thread_blocked, id=10636, stack(0x0000000e27900000,0x0000000e27a00000)]
  0x000001f7824b1e30 JavaThread "Unconstrained build operations Thread 26" [_thread_blocked, id=3448, stack(0x0000000e27a00000,0x0000000e27b00000)]
  0x000001f7824abe00 JavaThread "Unconstrained build operations Thread 27" [_thread_blocked, id=4732, stack(0x0000000e27b00000,0x0000000e27c00000)]
  0x000001f7824ae680 JavaThread "Memory manager" [_thread_blocked, id=22984, stack(0x0000000e27d00000,0x0000000e27e00000)]
  0x000001f7824b3270 JavaThread "build event listener" [_thread_blocked, id=17488, stack(0x0000000e27c00000,0x0000000e27d00000)]
  0x000001f7824b0f00 JavaThread "ForkJoinPool.commonPool-worker-1" daemon [_thread_blocked, id=1260, stack(0x0000000e22800000,0x0000000e22900000)]
  0x000001f7824ac310 JavaThread "ForkJoinPool.commonPool-worker-2" daemon [_thread_blocked, id=13124, stack(0x0000000e22900000,0x0000000e22a00000)]
  0x000001f7824b04e0 JavaThread "ForkJoinPool.commonPool-worker-3" daemon [_thread_blocked, id=6140, stack(0x0000000e22a00000,0x0000000e22b00000)]
  0x000001f7824af0a0 JavaThread "ForkJoinPool.commonPool-worker-4" daemon [_thread_blocked, id=16032, stack(0x0000000e28000000,0x0000000e28100000)]
  0x000001f7824b2850 JavaThread "included builds" [_thread_blocked, id=9444, stack(0x0000000e28100000,0x0000000e28200000)]
  0x000001f7824b09f0 JavaThread "Execution worker" [_thread_blocked, id=8440, stack(0x0000000e28200000,0x0000000e28300000)]
  0x000001f7824acd30 JavaThread "Execution worker Thread 2" [_thread_blocked, id=12000, stack(0x0000000e28300000,0x0000000e28400000)]
  0x000001f783059df0 JavaThread "Execution worker Thread 3" [_thread_blocked, id=8568, stack(0x0000000e28400000,0x0000000e28500000)]
  0x000001f783057060 JavaThread "Execution worker Thread 4" [_thread_blocked, id=16616, stack(0x0000000e28500000,0x0000000e28600000)]
  0x000001f7830598e0 JavaThread "Execution worker Thread 5" [_thread_blocked, id=12676, stack(0x0000000e28600000,0x0000000e28700000)]
  0x000001f78305a300 JavaThread "Execution worker Thread 6" [_thread_blocked, id=21956, stack(0x0000000e28700000,0x0000000e28800000)]
  0x000001f78305a810 JavaThread "Execution worker Thread 7" [_thread_blocked, id=13576, stack(0x0000000e28800000,0x0000000e28900000)]
  0x000001f783057570 JavaThread "Cache worker for execution history cache (C:\Users\00021\re\greentouch-demo-app\node_modules\@react-native\gradle-plugin\.gradle\8.10.2\executionHistory)" [_thread_blocked, id=9560, stack(0x0000000e28900000,0x0000000e28a00000)]
  0x000001f783057f90 JavaThread "Unconstrained build operations Thread 28" [_thread_blocked, id=14344, stack(0x0000000e28a00000,0x0000000e28b00000)]
  0x000001f7830593d0 JavaThread "Unconstrained build operations Thread 29" [_thread_blocked, id=14776, stack(0x0000000e28b00000,0x0000000e28c00000)]
  0x000001f7830584a0 JavaThread "Unconstrained build operations Thread 30" [_thread_blocked, id=11316, stack(0x0000000e28c00000,0x0000000e28d00000)]
  0x000001f783058ec0 JavaThread "Unconstrained build operations Thread 31" [_thread_blocked, id=13552, stack(0x0000000e28d00000,0x0000000e28e00000)]
  0x000001f7830589b0 JavaThread "Unconstrained build operations Thread 32" [_thread_blocked, id=21360, stack(0x0000000e28e00000,0x0000000e28f00000)]
  0x000001f782c24fd0 JavaThread "Unconstrained build operations Thread 33" [_thread_blocked, id=8876, stack(0x0000000e28f00000,0x0000000e29000000)]
  0x000001f782c21310 JavaThread "Unconstrained build operations Thread 34" [_thread_blocked, id=12744, stack(0x0000000e29000000,0x0000000e29100000)]
  0x000001f782c26410 JavaThread "Unconstrained build operations Thread 35" [_thread_blocked, id=12880, stack(0x0000000e29100000,0x0000000e29200000)]
  0x000001f782c254e0 JavaThread "Unconstrained build operations Thread 36" [_thread_blocked, id=5780, stack(0x0000000e29200000,0x0000000e29300000)]
  0x000001f782c26e30 JavaThread "Unconstrained build operations Thread 37" [_thread_blocked, id=16260, stack(0x0000000e29300000,0x0000000e29400000)]
  0x000001f782c22750 JavaThread "Unconstrained build operations Thread 38" [_thread_blocked, id=8780, stack(0x0000000e29400000,0x0000000e29500000)]
  0x000001f782c22240 JavaThread "Unconstrained build operations Thread 39" [_thread_blocked, id=21120, stack(0x0000000e29500000,0x0000000e29600000)]
  0x000001f782c24ac0 JavaThread "Unconstrained build operations Thread 40" [_thread_blocked, id=11792, stack(0x0000000e29600000,0x0000000e29700000)]
  0x000001f782c21820 JavaThread "Unconstrained build operations Thread 41" [_thread_blocked, id=20388, stack(0x0000000e29700000,0x0000000e29800000)]
  0x000001f782c259f0 JavaThread "Unconstrained build operations Thread 42" [_thread_blocked, id=15564, stack(0x0000000e29800000,0x0000000e29900000)]
  0x000001f782c208f0 JavaThread "Unconstrained build operations Thread 43" [_thread_blocked, id=8988, stack(0x0000000e29900000,0x0000000e29a00000)]
  0x000001f782c23680 JavaThread "Unconstrained build operations Thread 44" [_thread_blocked, id=21720, stack(0x0000000e29a00000,0x0000000e29b00000)]
  0x000001f782c26920 JavaThread "Unconstrained build operations Thread 45" [_thread_blocked, id=9736, stack(0x0000000e29b00000,0x0000000e29c00000)]
  0x000001f782c22c60 JavaThread "Unconstrained build operations Thread 46" [_thread_blocked, id=17948, stack(0x0000000e29c00000,0x0000000e29d00000)]
  0x000001f782c25f00 JavaThread "Unconstrained build operations Thread 47" [_thread_blocked, id=14912, stack(0x0000000e29d00000,0x0000000e29e00000)]
  0x000001f782c27340 JavaThread "Unconstrained build operations Thread 48" [_thread_blocked, id=15916, stack(0x0000000e29e00000,0x0000000e29f00000)]
  0x000001f782c23170 JavaThread "Unconstrained build operations Thread 49" [_thread_blocked, id=5788, stack(0x0000000e29f00000,0x0000000e2a000000)]
  0x000001f782c1fed0 JavaThread "Unconstrained build operations Thread 50" [_thread_blocked, id=23324, stack(0x0000000e2a000000,0x0000000e2a100000)]
  0x000001f782c27850 JavaThread "Unconstrained build operations Thread 51" [_thread_blocked, id=23292, stack(0x0000000e2a100000,0x0000000e2a200000)]
  0x000001f782c23b90 JavaThread "Unconstrained build operations Thread 52" [_thread_blocked, id=13192, stack(0x0000000e2a200000,0x0000000e2a300000)]
  0x000001f782c203e0 JavaThread "Unconstrained build operations Thread 53" [_thread_blocked, id=18044, stack(0x0000000e2a300000,0x0000000e2a400000)]
  0x000001f782c20e00 JavaThread "Unconstrained build operations Thread 54" [_thread_blocked, id=17508, stack(0x0000000e2a400000,0x0000000e2a500000)]
  0x000001f782c21d30 JavaThread "Unconstrained build operations Thread 55" [_thread_blocked, id=21608, stack(0x0000000e2a500000,0x0000000e2a600000)]
  0x000001f782c240a0 JavaThread "Unconstrained build operations Thread 56" [_thread_blocked, id=11712, stack(0x0000000e2a600000,0x0000000e2a700000)]
  0x000001f782c245b0 JavaThread "Unconstrained build operations Thread 57" [_thread_blocked, id=17160, stack(0x0000000e2a700000,0x0000000e2a800000)]
  0x000001f783c658f0 JavaThread "Unconstrained build operations Thread 58" [_thread_blocked, id=18792, stack(0x0000000e2a800000,0x0000000e2a900000)]
  0x000001f783c653e0 JavaThread "Unconstrained build operations Thread 59" [_thread_blocked, id=15552, stack(0x0000000e2a900000,0x0000000e2aa00000)]
  0x000001f783c65e00 JavaThread "Unconstrained build operations Thread 60" [_thread_blocked, id=15224, stack(0x0000000e2aa00000,0x0000000e2ab00000)]
  0x000001f783c64ed0 JavaThread "Unconstrained build operations Thread 61" [_thread_blocked, id=20020, stack(0x0000000e2ab00000,0x0000000e2ac00000)]
  0x000001f783c66310 JavaThread "Unconstrained build operations Thread 62" [_thread_blocked, id=10348, stack(0x0000000e2ac00000,0x0000000e2ad00000)]
  0x000001f783c63070 JavaThread "Unconstrained build operations Thread 63" [_thread_blocked, id=7856, stack(0x0000000e2ad00000,0x0000000e2ae00000)]
  0x000001f783c66820 JavaThread "Unconstrained build operations Thread 64" [_thread_blocked, id=15184, stack(0x0000000e2ae00000,0x0000000e2af00000)]
  0x000001f783c63580 JavaThread "Unconstrained build operations Thread 65" [_thread_blocked, id=21164, stack(0x0000000e2af00000,0x0000000e2b000000)]
  0x000001f783c63a90 JavaThread "Unconstrained build operations Thread 66" [_thread_blocked, id=5284, stack(0x0000000e2b000000,0x0000000e2b100000)]
  0x000001f783c63fa0 JavaThread "Unconstrained build operations Thread 67" [_thread_blocked, id=23320, stack(0x0000000e2b100000,0x0000000e2b200000)]
  0x000001f783c649c0 JavaThread "Unconstrained build operations Thread 68" [_thread_blocked, id=22720, stack(0x0000000e2b200000,0x0000000e2b300000)]
  0x000001f783c644b0 JavaThread "Unconstrained build operations Thread 69" [_thread_blocked, id=16836, stack(0x0000000e2b300000,0x0000000e2b400000)]
  0x000001f784a0b550 JavaThread "Unconstrained build operations Thread 70" [_thread_blocked, id=21800, stack(0x0000000e2b400000,0x0000000e2b500000)]
  0x000001f784a07890 JavaThread "Unconstrained build operations Thread 71" [_thread_blocked, id=4032, stack(0x0000000e2b500000,0x0000000e2b600000)]
  0x000001f784a087c0 JavaThread "Unconstrained build operations Thread 72" [_thread_blocked, id=19368, stack(0x0000000e2b600000,0x0000000e2b700000)]
  0x000001f784a0ab30 JavaThread "jar transforms Thread 4" [_thread_blocked, id=9228, stack(0x0000000e2b700000,0x0000000e2b800000)]
  0x000001f784a0bf70 JavaThread "jar transforms Thread 5" [_thread_blocked, id=3680, stack(0x0000000e2b800000,0x0000000e2b900000)]
  0x000001f784a08cd0 JavaThread "Unconstrained build operations Thread 73" [_thread_blocked, id=19512, stack(0x0000000e2b900000,0x0000000e2ba00000)]
  0x000001f784a082b0 JavaThread "Unconstrained build operations Thread 74" [_thread_blocked, id=13160, stack(0x0000000e2ba00000,0x0000000e2bb00000)]
  0x000001f784a091e0 JavaThread "Unconstrained build operations Thread 75" [_thread_blocked, id=22544, stack(0x0000000e2bb00000,0x0000000e2bc00000)]
  0x000001f784a0ba60 JavaThread "Unconstrained build operations Thread 76" [_thread_blocked, id=3568, stack(0x0000000e2bc00000,0x0000000e2bd00000)]
  0x000001f784a0a110 JavaThread "Unconstrained build operations Thread 77" [_thread_blocked, id=19384, stack(0x0000000e2bd00000,0x0000000e2be00000)]
  0x000001f784a0e7f0 JavaThread "Unconstrained build operations Thread 78" [_thread_blocked, id=164, stack(0x0000000e2be00000,0x0000000e2bf00000)]
  0x000001f784a0b040 JavaThread "Unconstrained build operations Thread 79" [_thread_blocked, id=10840, stack(0x0000000e2bf00000,0x0000000e2c000000)]
  0x000001f784a0c480 JavaThread "Unconstrained build operations Thread 80" [_thread_blocked, id=22580, stack(0x0000000e2c000000,0x0000000e2c100000)]
  0x000001f784a0d3b0 JavaThread "jar transforms Thread 6" [_thread_blocked, id=22884, stack(0x0000000e25700000,0x0000000e25800000)]
  0x000001f784a0c990 JavaThread "jar transforms Thread 7" [_thread_blocked, id=1948, stack(0x0000000e2c100000,0x0000000e2c200000)]
  0x000001f784a0e2e0 JavaThread "jar transforms Thread 8" [_thread_blocked, id=15472, stack(0x0000000e2c200000,0x0000000e2c300000)]
  0x000001f784a07da0 JavaThread "build event listener" [_thread_blocked, id=23104, stack(0x0000000e2c300000,0x0000000e2c400000)]

Other Threads:
  0x000001f7e02c4360 VMThread "VM Thread" [stack: 0x0000000e23100000,0x0000000e23200000] [id=23056]
  0x000001f7c20eb890 WatcherThread [stack: 0x0000000e23d00000,0x0000000e23e00000] [id=11296]
  0x000001f7bfe6e870 GCTaskThread "GC Thread#0" [stack: 0x0000000e22c00000,0x0000000e22d00000] [id=18612]
  0x000001f7e0bc98f0 GCTaskThread "GC Thread#1" [stack: 0x0000000e23e00000,0x0000000e23f00000] [id=19036]
  0x000001f7e07ecdc0 GCTaskThread "GC Thread#2" [stack: 0x0000000e23f00000,0x0000000e24000000] [id=9168]
  0x000001f7802ae5a0 GCTaskThread "GC Thread#3" [stack: 0x0000000e24000000,0x0000000e24100000] [id=5220]
  0x000001f7802425f0 GCTaskThread "GC Thread#4" [stack: 0x0000000e24100000,0x0000000e24200000] [id=15440]
  0x000001f782e69fe0 GCTaskThread "GC Thread#5" [stack: 0x0000000e24f00000,0x0000000e25000000] [id=8992]
  0x000001f78000e790 GCTaskThread "GC Thread#6" [stack: 0x0000000e25000000,0x0000000e25100000] [id=608]
  0x000001f781b1dfa0 GCTaskThread "GC Thread#7" [stack: 0x0000000e25100000,0x0000000e25200000] [id=18328]
  0x000001f7c2151100 ConcurrentGCThread "G1 Main Marker" [stack: 0x0000000e22d00000,0x0000000e22e00000] [id=23124]
  0x000001f7c2151a20 ConcurrentGCThread "G1 Conc#0" [stack: 0x0000000e22e00000,0x0000000e22f00000] [id=23052]
  0x000001f781752060 ConcurrentGCThread "G1 Conc#1" [stack: 0x0000000e25400000,0x0000000e25500000] [id=6648]
  0x000001f7e01820c0 ConcurrentGCThread "G1 Refine#0" [stack: 0x0000000e22f00000,0x0000000e23000000] [id=23116]
  0x000001f7e0182af0 ConcurrentGCThread "G1 Service" [stack: 0x0000000e23000000,0x0000000e23100000] [id=17940]

Threads with active compile tasks:
C2 CompilerThread0   108652 14572       4       org.gradle.internal.instantiation.generator.AbstractClassGenerator::inspectType (560 bytes)

VM state: not at safepoint (normal execution)

VM Mutex/Monitor currently owned by a thread: None

Heap address: 0x0000000080000000, size: 2048 MB, Compressed Oops mode: 32-bit

CDS archive(s) mapped at: [0x000001f7e1000000-0x000001f7e1bd0000-0x000001f7e1bd0000), size 12386304, SharedBaseAddress: 0x000001f7e1000000, ArchiveRelocationMode: 1.
Compressed class space mapped at: 0x000001f7e2000000-0x000001f7fc000000, reserved size: 436207616
Narrow klass base: 0x000001f7e1000000, Narrow klass shift: 0, Narrow klass range: 0x100000000

GC Precious Log:
 CPUs: 8 total, 8 available
 Memory: 7865M
 Large Page Support: Disabled
 NUMA Support: Disabled
 Compressed Oops: Enabled (32-bit)
 Heap Region Size: 1M
 Heap Min Capacity: 8M
 Heap Initial Capacity: 124M
 Heap Max Capacity: 2G
 Pre-touch: Disabled
 Parallel Workers: 8
 Concurrent Workers: 2
 Concurrent Refinement Workers: 8
 Periodic GC: Disabled

Heap:
 garbage-first heap   total 239616K, used 166451K [0x0000000080000000, 0x0000000100000000)
  region size 1024K, 14 young (14336K), 4 survivors (4096K)
 Metaspace       used 100725K, committed 101952K, reserved 557056K
  class space    used 14170K, committed 14720K, reserved 425984K

Heap Regions: E=young(eden), S=young(survivor), O=old, HS=humongous(starts), HC=humongous(continues), CS=collection set, F=free, OA=open archive, CA=closed archive, TAMS=top-at-mark-start (previous, next)
|   0|0x0000000080000000, 0x0000000080100000, 0x0000000080100000|100%| O|  |TAMS 0x0000000080100000, 0x0000000080000000| Untracked 
|   1|0x0000000080100000, 0x0000000080200000, 0x0000000080200000|100%| O|  |TAMS 0x0000000080200000, 0x0000000080100000| Untracked 
|   2|0x0000000080200000, 0x0000000080300000, 0x0000000080300000|100%|HS|  |TAMS 0x0000000080300000, 0x0000000080200000| Complete 
|   3|0x0000000080300000, 0x0000000080400000, 0x0000000080400000|100%|HC|  |TAMS 0x0000000080400000, 0x0000000080300000| Complete 
|   4|0x0000000080400000, 0x0000000080500000, 0x0000000080500000|100%|HC|  |TAMS 0x0000000080500000, 0x0000000080400000| Complete 
|   5|0x0000000080500000, 0x0000000080600000, 0x0000000080600000|100%|HC|  |TAMS 0x0000000080600000, 0x0000000080500000| Complete 
|   6|0x0000000080600000, 0x0000000080700000, 0x0000000080700000|100%| O|  |TAMS 0x0000000080700000, 0x0000000080600000| Untracked 
|   7|0x0000000080700000, 0x0000000080800000, 0x0000000080800000|100%| O|  |TAMS 0x0000000080800000, 0x0000000080700000| Untracked 
|   8|0x0000000080800000, 0x0000000080900000, 0x0000000080900000|100%| O|  |TAMS 0x0000000080900000, 0x0000000080800000| Untracked 
|   9|0x0000000080900000, 0x0000000080a00000, 0x0000000080a00000|100%|HS|  |TAMS 0x0000000080a00000, 0x0000000080900000| Complete 
|  10|0x0000000080a00000, 0x0000000080b00000, 0x0000000080b00000|100%| O|  |TAMS 0x0000000080b00000, 0x0000000080a00000| Untracked 
|  11|0x0000000080b00000, 0x0000000080c00000, 0x0000000080c00000|100%| O|  |TAMS 0x0000000080c00000, 0x0000000080b00000| Untracked 
|  12|0x0000000080c00000, 0x0000000080d00000, 0x0000000080d00000|100%| O|  |TAMS 0x0000000080d00000, 0x0000000080c00000| Untracked 
|  13|0x0000000080d00000, 0x0000000080e00000, 0x0000000080e00000|100%| O|  |TAMS 0x0000000080e00000, 0x0000000080d00000| Untracked 
|  14|0x0000000080e00000, 0x0000000080f00000, 0x0000000080f00000|100%| O|  |TAMS 0x0000000080f00000, 0x0000000080e00000| Untracked 
|  15|0x0000000080f00000, 0x0000000081000000, 0x0000000081000000|100%| O|  |TAMS 0x0000000081000000, 0x0000000080f00000| Untracked 
|  16|0x0000000081000000, 0x0000000081100000, 0x0000000081100000|100%| O|  |TAMS 0x0000000081100000, 0x0000000081000000| Untracked 
|  17|0x0000000081100000, 0x0000000081200000, 0x0000000081200000|100%| O|  |TAMS 0x0000000081200000, 0x0000000081100000| Untracked 
|  18|0x0000000081200000, 0x0000000081300000, 0x0000000081300000|100%| O|  |TAMS 0x0000000081300000, 0x0000000081200000| Untracked 
|  19|0x0000000081300000, 0x0000000081400000, 0x0000000081400000|100%| O|  |TAMS 0x0000000081400000, 0x0000000081300000| Untracked 
|  20|0x0000000081400000, 0x0000000081500000, 0x0000000081500000|100%| O|  |TAMS 0x0000000081500000, 0x0000000081400000| Untracked 
|  21|0x0000000081500000, 0x0000000081600000, 0x0000000081600000|100%| O|  |TAMS 0x0000000081600000, 0x0000000081500000| Untracked 
|  22|0x0000000081600000, 0x0000000081700000, 0x0000000081700000|100%| O|  |TAMS 0x0000000081700000, 0x0000000081600000| Untracked 
|  23|0x0000000081700000, 0x0000000081800000, 0x0000000081800000|100%| O|  |TAMS 0x0000000081800000, 0x0000000081700000| Untracked 
|  24|0x0000000081800000, 0x0000000081900000, 0x0000000081900000|100%| O|  |TAMS 0x0000000081900000, 0x0000000081800000| Untracked 
|  25|0x0000000081900000, 0x0000000081a00000, 0x0000000081a00000|100%| O|  |TAMS 0x0000000081a00000, 0x0000000081900000| Untracked 
|  26|0x0000000081a00000, 0x0000000081b00000, 0x0000000081b00000|100%| O|  |TAMS 0x0000000081b00000, 0x0000000081a00000| Untracked 
|  27|0x0000000081b00000, 0x0000000081c00000, 0x0000000081c00000|100%| O|  |TAMS 0x0000000081c00000, 0x0000000081b00000| Untracked 
|  28|0x0000000081c00000, 0x0000000081d00000, 0x0000000081d00000|100%| O|  |TAMS 0x0000000081d00000, 0x0000000081c00000| Untracked 
|  29|0x0000000081d00000, 0x0000000081e00000, 0x0000000081e00000|100%| O|  |TAMS 0x0000000081e00000, 0x0000000081d00000| Untracked 
|  30|0x0000000081e00000, 0x0000000081f00000, 0x0000000081f00000|100%| O|  |TAMS 0x0000000081f00000, 0x0000000081e00000| Untracked 
|  31|0x0000000081f00000, 0x0000000082000000, 0x0000000082000000|100%| O|  |TAMS 0x0000000082000000, 0x0000000081f00000| Untracked 
|  32|0x0000000082000000, 0x0000000082100000, 0x0000000082100000|100%| O|  |TAMS 0x0000000082100000, 0x0000000082000000| Untracked 
|  33|0x0000000082100000, 0x0000000082200000, 0x0000000082200000|100%| O|  |TAMS 0x0000000082200000, 0x0000000082100000| Untracked 
|  34|0x0000000082200000, 0x0000000082300000, 0x0000000082300000|100%| O|  |TAMS 0x0000000082300000, 0x0000000082200000| Untracked 
|  35|0x0000000082300000, 0x0000000082400000, 0x0000000082400000|100%| O|  |TAMS 0x0000000082400000, 0x0000000082300000| Untracked 
|  36|0x0000000082400000, 0x0000000082500000, 0x0000000082500000|100%| O|  |TAMS 0x0000000082500000, 0x0000000082400000| Untracked 
|  37|0x0000000082500000, 0x0000000082600000, 0x0000000082600000|100%| O|  |TAMS 0x0000000082600000, 0x0000000082500000| Untracked 
|  38|0x0000000082600000, 0x0000000082700000, 0x0000000082700000|100%| O|  |TAMS 0x0000000082600000, 0x0000000082600000| Untracked 
|  39|0x0000000082700000, 0x0000000082800000, 0x0000000082800000|100%| O|  |TAMS 0x0000000082700000, 0x0000000082700000| Untracked 
|  40|0x0000000082800000, 0x0000000082900000, 0x0000000082900000|100%| O|  |TAMS 0x0000000082900000, 0x0000000082800000| Untracked 
|  41|0x0000000082900000, 0x0000000082a00000, 0x0000000082a00000|100%|HS|  |TAMS 0x0000000082a00000, 0x0000000082900000| Complete 
|  42|0x0000000082a00000, 0x0000000082b00000, 0x0000000082b00000|100%|HC|  |TAMS 0x0000000082b00000, 0x0000000082a00000| Complete 
|  43|0x0000000082b00000, 0x0000000082c00000, 0x0000000082c00000|100%| O|  |TAMS 0x0000000082c00000, 0x0000000082b00000| Untracked 
|  44|0x0000000082c00000, 0x0000000082d00000, 0x0000000082d00000|100%| O|  |TAMS 0x0000000082d00000, 0x0000000082c00000| Untracked 
|  45|0x0000000082d00000, 0x0000000082e00000, 0x0000000082e00000|100%| O|  |TAMS 0x0000000082e00000, 0x0000000082d00000| Untracked 
|  46|0x0000000082e00000, 0x0000000082f00000, 0x0000000082f00000|100%| O|  |TAMS 0x0000000082e00000, 0x0000000082e00000| Untracked 
|  47|0x0000000082f00000, 0x0000000083000000, 0x0000000083000000|100%| O|  |TAMS 0x0000000083000000, 0x0000000082f00000| Untracked 
|  48|0x0000000083000000, 0x0000000083100000, 0x0000000083100000|100%|HS|  |TAMS 0x0000000083100000, 0x0000000083000000| Complete 
|  49|0x0000000083100000, 0x0000000083200000, 0x0000000083200000|100%|HC|  |TAMS 0x0000000083200000, 0x0000000083100000| Complete 
|  50|0x0000000083200000, 0x0000000083300000, 0x0000000083300000|100%|HS|  |TAMS 0x0000000083300000, 0x0000000083200000| Complete 
|  51|0x0000000083300000, 0x0000000083400000, 0x0000000083400000|100%|HC|  |TAMS 0x0000000083400000, 0x0000000083300000| Complete 
|  52|0x0000000083400000, 0x0000000083500000, 0x0000000083500000|100%|HC|  |TAMS 0x0000000083500000, 0x0000000083400000| Complete 
|  53|0x0000000083500000, 0x0000000083600000, 0x0000000083600000|100%|HC|  |TAMS 0x0000000083600000, 0x0000000083500000| Complete 
|  54|0x0000000083600000, 0x0000000083700000, 0x0000000083700000|100%|HS|  |TAMS 0x0000000083700000, 0x0000000083600000| Complete 
|  55|0x0000000083700000, 0x0000000083800000, 0x0000000083800000|100%|HC|  |TAMS 0x0000000083800000, 0x0000000083700000| Complete 
|  56|0x0000000083800000, 0x0000000083900000, 0x0000000083900000|100%|HC|  |TAMS 0x0000000083900000, 0x0000000083800000| Complete 
|  57|0x0000000083900000, 0x0000000083a00000, 0x0000000083a00000|100%|HC|  |TAMS 0x0000000083a00000, 0x0000000083900000| Complete 
|  58|0x0000000083a00000, 0x0000000083b00000, 0x0000000083b00000|100%| O|  |TAMS 0x0000000083b00000, 0x0000000083a00000| Untracked 
|  59|0x0000000083b00000, 0x0000000083c00000, 0x0000000083c00000|100%| O|  |TAMS 0x0000000083c00000, 0x0000000083b00000| Untracked 
|  60|0x0000000083c00000, 0x0000000083d00000, 0x0000000083d00000|100%| O|  |TAMS 0x0000000083d00000, 0x0000000083c00000| Untracked 
|  61|0x0000000083d00000, 0x0000000083e00000, 0x0000000083e00000|100%| O|  |TAMS 0x0000000083e00000, 0x0000000083d00000| Untracked 
|  62|0x0000000083e00000, 0x0000000083f00000, 0x0000000083f00000|100%| O|  |TAMS 0x0000000083f00000, 0x0000000083e00000| Untracked 
|  63|0x0000000083f00000, 0x0000000084000000, 0x0000000084000000|100%| O|  |TAMS 0x0000000084000000, 0x0000000083f00000| Untracked 
|  64|0x0000000084000000, 0x0000000084100000, 0x0000000084100000|100%| O|  |TAMS 0x000000008409ae00, 0x0000000084000000| Untracked 
|  65|0x0000000084100000, 0x0000000084200000, 0x0000000084200000|100%| O|  |TAMS 0x0000000084200000, 0x0000000084100000| Untracked 
|  66|0x0000000084200000, 0x0000000084300000, 0x0000000084300000|100%| O|  |TAMS 0x0000000084200000, 0x0000000084200000| Untracked 
|  67|0x0000000084300000, 0x0000000084400000, 0x0000000084400000|100%| O|  |TAMS 0x0000000084300000, 0x0000000084300000| Untracked 
|  68|0x0000000084400000, 0x0000000084500000, 0x0000000084500000|100%| O|  |TAMS 0x0000000084400000, 0x0000000084400000| Untracked 
|  69|0x0000000084500000, 0x0000000084600000, 0x0000000084600000|100%| O|  |TAMS 0x0000000084500000, 0x0000000084500000| Untracked 
|  70|0x0000000084600000, 0x0000000084700000, 0x0000000084700000|100%| O|  |TAMS 0x0000000084600000, 0x0000000084600000| Untracked 
|  71|0x0000000084700000, 0x0000000084800000, 0x0000000084800000|100%| O|  |TAMS 0x0000000084700000, 0x0000000084700000| Untracked 
|  72|0x0000000084800000, 0x0000000084900000, 0x0000000084900000|100%| O|  |TAMS 0x0000000084800000, 0x0000000084800000| Untracked 
|  73|0x0000000084900000, 0x0000000084a00000, 0x0000000084a00000|100%| O|  |TAMS 0x0000000084900000, 0x0000000084900000| Untracked 
|  74|0x0000000084a00000, 0x0000000084b00000, 0x0000000084b00000|100%| O|  |TAMS 0x0000000084a00000, 0x0000000084a00000| Untracked 
|  75|0x0000000084b00000, 0x0000000084c00000, 0x0000000084c00000|100%| O|  |TAMS 0x0000000084b00000, 0x0000000084b00000| Untracked 
|  76|0x0000000084c00000, 0x0000000084d00000, 0x0000000084d00000|100%| O|  |TAMS 0x0000000084c00000, 0x0000000084c00000| Untracked 
|  77|0x0000000084d00000, 0x0000000084e00000, 0x0000000084e00000|100%|HS|  |TAMS 0x0000000084d00000, 0x0000000084d00000| Complete 
|  78|0x0000000084e00000, 0x0000000084f00000, 0x0000000084f00000|100%|HS|  |TAMS 0x0000000084e00000, 0x0000000084e00000| Complete 
|  79|0x0000000084f00000, 0x0000000085000000, 0x0000000085000000|100%|HS|  |TAMS 0x0000000084f00000, 0x0000000084f00000| Complete 
|  80|0x0000000085000000, 0x0000000085100000, 0x0000000085100000|100%|HS|  |TAMS 0x0000000085000000, 0x0000000085000000| Complete 
|  81|0x0000000085100000, 0x0000000085200000, 0x0000000085200000|100%| O|  |TAMS 0x0000000085100000, 0x0000000085100000| Untracked 
|  82|0x0000000085200000, 0x0000000085300000, 0x0000000085300000|100%|HS|  |TAMS 0x0000000085200000, 0x0000000085200000| Complete 
|  83|0x0000000085300000, 0x0000000085400000, 0x0000000085400000|100%|HS|  |TAMS 0x0000000085300000, 0x0000000085300000| Complete 
|  84|0x0000000085400000, 0x0000000085500000, 0x0000000085500000|100%|HS|  |TAMS 0x0000000085400000, 0x0000000085400000| Complete 
|  85|0x0000000085500000, 0x0000000085600000, 0x0000000085600000|100%|HC|  |TAMS 0x0000000085500000, 0x0000000085500000| Complete 
|  86|0x0000000085600000, 0x0000000085700000, 0x0000000085700000|100%| O|  |TAMS 0x0000000085600000, 0x0000000085600000| Untracked 
|  87|0x0000000085700000, 0x0000000085800000, 0x0000000085800000|100%| O|  |TAMS 0x0000000085700000, 0x0000000085700000| Untracked 
|  88|0x0000000085800000, 0x0000000085900000, 0x0000000085900000|100%|HS|  |TAMS 0x0000000085800000, 0x0000000085800000| Complete 
|  89|0x0000000085900000, 0x0000000085a00000, 0x0000000085a00000|100%| O|  |TAMS 0x0000000085900000, 0x0000000085900000| Untracked 
|  90|0x0000000085a00000, 0x0000000085b00000, 0x0000000085b00000|100%| O|  |TAMS 0x0000000085a00000, 0x0000000085a00000| Untracked 
|  91|0x0000000085b00000, 0x0000000085c00000, 0x0000000085c00000|100%| O|  |TAMS 0x0000000085b00000, 0x0000000085b00000| Untracked 
|  92|0x0000000085c00000, 0x0000000085d00000, 0x0000000085d00000|100%| O|  |TAMS 0x0000000085c00000, 0x0000000085c00000| Untracked 
|  93|0x0000000085d00000, 0x0000000085e00000, 0x0000000085e00000|100%| O|  |TAMS 0x0000000085d00000, 0x0000000085d00000| Untracked 
|  94|0x0000000085e00000, 0x0000000085f00000, 0x0000000085f00000|100%| O|  |TAMS 0x0000000085e00000, 0x0000000085e00000| Untracked 
|  95|0x0000000085f00000, 0x0000000086000000, 0x0000000086000000|100%| O|  |TAMS 0x0000000085f00000, 0x0000000085f00000| Untracked 
|  96|0x0000000086000000, 0x0000000086100000, 0x0000000086100000|100%| O|  |TAMS 0x0000000086000000, 0x0000000086000000| Untracked 
|  97|0x0000000086100000, 0x0000000086200000, 0x0000000086200000|100%| O|  |TAMS 0x0000000086100000, 0x0000000086100000| Untracked 
|  98|0x0000000086200000, 0x0000000086300000, 0x0000000086300000|100%| O|  |TAMS 0x0000000086200000, 0x0000000086200000| Untracked 
|  99|0x0000000086300000, 0x0000000086400000, 0x0000000086400000|100%| O|  |TAMS 0x0000000086300000, 0x0000000086300000| Untracked 
| 100|0x0000000086400000, 0x0000000086500000, 0x0000000086500000|100%| O|  |TAMS 0x0000000086400000, 0x0000000086400000| Untracked 
| 101|0x0000000086500000, 0x0000000086600000, 0x0000000086600000|100%| O|  |TAMS 0x0000000086500000, 0x0000000086500000| Untracked 
| 102|0x0000000086600000, 0x0000000086700000, 0x0000000086700000|100%| O|  |TAMS 0x0000000086600000, 0x0000000086600000| Untracked 
| 103|0x0000000086700000, 0x0000000086800000, 0x0000000086800000|100%| O|  |TAMS 0x0000000086700000, 0x0000000086700000| Untracked 
| 104|0x0000000086800000, 0x0000000086900000, 0x0000000086900000|100%| O|  |TAMS 0x0000000086800000, 0x0000000086800000| Untracked 
| 105|0x0000000086900000, 0x0000000086a00000, 0x0000000086a00000|100%| O|  |TAMS 0x0000000086900000, 0x0000000086900000| Untracked 
| 106|0x0000000086a00000, 0x0000000086b00000, 0x0000000086b00000|100%| O|  |TAMS 0x0000000086a00000, 0x0000000086a00000| Untracked 
| 107|0x0000000086b00000, 0x0000000086c00000, 0x0000000086c00000|100%| O|  |TAMS 0x0000000086b00000, 0x0000000086b00000| Untracked 
| 108|0x0000000086c00000, 0x0000000086d00000, 0x0000000086d00000|100%| O|  |TAMS 0x0000000086c00000, 0x0000000086c00000| Untracked 
| 109|0x0000000086d00000, 0x0000000086e00000, 0x0000000086e00000|100%| O|  |TAMS 0x0000000086d00000, 0x0000000086d00000| Untracked 
| 110|0x0000000086e00000, 0x0000000086f00000, 0x0000000086f00000|100%| O|  |TAMS 0x0000000086e00000, 0x0000000086e00000| Untracked 
| 111|0x0000000086f00000, 0x0000000087000000, 0x0000000087000000|100%| O|  |TAMS 0x0000000086f00000, 0x0000000086f00000| Untracked 
| 112|0x0000000087000000, 0x0000000087100000, 0x0000000087100000|100%| O|  |TAMS 0x0000000087000000, 0x0000000087000000| Untracked 
| 113|0x0000000087100000, 0x0000000087200000, 0x0000000087200000|100%| O|  |TAMS 0x0000000087100000, 0x0000000087100000| Untracked 
| 114|0x0000000087200000, 0x0000000087300000, 0x0000000087300000|100%| O|  |TAMS 0x0000000087200000, 0x0000000087200000| Untracked 
| 115|0x0000000087300000, 0x0000000087400000, 0x0000000087400000|100%| O|  |TAMS 0x0000000087300000, 0x0000000087300000| Untracked 
| 116|0x0000000087400000, 0x0000000087500000, 0x0000000087500000|100%| O|  |TAMS 0x0000000087400000, 0x0000000087400000| Untracked 
| 117|0x0000000087500000, 0x0000000087600000, 0x0000000087600000|100%| O|  |TAMS 0x0000000087500000, 0x0000000087500000| Untracked 
| 118|0x0000000087600000, 0x0000000087700000, 0x0000000087700000|100%| O|  |TAMS 0x0000000087600000, 0x0000000087600000| Untracked 
| 119|0x0000000087700000, 0x0000000087800000, 0x0000000087800000|100%| O|  |TAMS 0x0000000087700000, 0x0000000087700000| Untracked 
| 120|0x0000000087800000, 0x0000000087900000, 0x0000000087900000|100%| O|  |TAMS 0x0000000087800000, 0x0000000087800000| Untracked 
| 121|0x0000000087900000, 0x0000000087a00000, 0x0000000087a00000|100%| O|  |TAMS 0x0000000087900000, 0x0000000087900000| Untracked 
| 122|0x0000000087a00000, 0x0000000087b00000, 0x0000000087b00000|100%| O|  |TAMS 0x0000000087a00000, 0x0000000087a00000| Untracked 
| 123|0x0000000087b00000, 0x0000000087c00000, 0x0000000087c00000|100%| O|  |TAMS 0x0000000087b00000, 0x0000000087b00000| Untracked 
| 124|0x0000000087c00000, 0x0000000087d00000, 0x0000000087d00000|100%| O|  |TAMS 0x0000000087c00000, 0x0000000087c00000| Untracked 
| 125|0x0000000087d00000, 0x0000000087e00000, 0x0000000087e00000|100%| O|  |TAMS 0x0000000087d00000, 0x0000000087d00000| Untracked 
| 126|0x0000000087e00000, 0x0000000087f00000, 0x0000000087f00000|100%| O|  |TAMS 0x0000000087e00000, 0x0000000087e00000| Untracked 
| 127|0x0000000087f00000, 0x0000000088000000, 0x0000000088000000|100%| O|  |TAMS 0x0000000087f00000, 0x0000000087f00000| Untracked 
| 128|0x0000000088000000, 0x0000000088100000, 0x0000000088100000|100%| O|  |TAMS 0x0000000088000000, 0x0000000088000000| Untracked 
| 129|0x0000000088100000, 0x0000000088200000, 0x0000000088200000|100%| O|  |TAMS 0x0000000088100000, 0x0000000088100000| Untracked 
| 130|0x0000000088200000, 0x0000000088300000, 0x0000000088300000|100%| O|  |TAMS 0x0000000088200000, 0x0000000088200000| Untracked 
| 131|0x0000000088300000, 0x0000000088400000, 0x0000000088400000|100%|HS|  |TAMS 0x0000000088300000, 0x0000000088300000| Complete 
| 132|0x0000000088400000, 0x0000000088500000, 0x0000000088500000|100%|HS|  |TAMS 0x0000000088400000, 0x0000000088400000| Complete 
| 133|0x0000000088500000, 0x0000000088600000, 0x0000000088600000|100%| O|  |TAMS 0x0000000088500000, 0x0000000088500000| Untracked 
| 134|0x0000000088600000, 0x0000000088700000, 0x0000000088700000|100%|HS|  |TAMS 0x0000000088600000, 0x0000000088600000| Complete 
| 135|0x0000000088700000, 0x0000000088800000, 0x0000000088800000|100%|HC|  |TAMS 0x0000000088700000, 0x0000000088700000| Complete 
| 136|0x0000000088800000, 0x0000000088900000, 0x0000000088900000|100%| O|  |TAMS 0x0000000088800000, 0x0000000088800000| Untracked 
| 137|0x0000000088900000, 0x0000000088a00000, 0x0000000088a00000|100%| O|  |TAMS 0x0000000088900000, 0x0000000088900000| Untracked 
| 138|0x0000000088a00000, 0x0000000088b00000, 0x0000000088b00000|100%| O|  |TAMS 0x0000000088a00000, 0x0000000088a00000| Untracked 
| 139|0x0000000088b00000, 0x0000000088c00000, 0x0000000088c00000|100%| O|  |TAMS 0x0000000088b00000, 0x0000000088b00000| Untracked 
| 140|0x0000000088c00000, 0x0000000088d00000, 0x0000000088d00000|100%| O|  |TAMS 0x0000000088c00000, 0x0000000088c00000| Untracked 
| 141|0x0000000088d00000, 0x0000000088e00000, 0x0000000088e00000|100%| O|  |TAMS 0x0000000088d00000, 0x0000000088d00000| Untracked 
| 142|0x0000000088e00000, 0x0000000088f00000, 0x0000000088f00000|100%| O|  |TAMS 0x0000000088e00000, 0x0000000088e00000| Untracked 
| 143|0x0000000088f00000, 0x0000000089000000, 0x0000000089000000|100%| O|  |TAMS 0x0000000088f00000, 0x0000000088f00000| Untracked 
| 144|0x0000000089000000, 0x0000000089100000, 0x0000000089100000|100%| O|  |TAMS 0x0000000089000000, 0x0000000089000000| Untracked 
| 145|0x0000000089100000, 0x0000000089200000, 0x0000000089200000|100%| O|  |TAMS 0x0000000089100000, 0x0000000089100000| Untracked 
| 146|0x0000000089200000, 0x0000000089300000, 0x0000000089300000|100%| O|  |TAMS 0x0000000089200000, 0x0000000089200000| Untracked 
| 147|0x0000000089300000, 0x0000000089400000, 0x0000000089400000|100%| O|  |TAMS 0x0000000089300000, 0x0000000089300000| Untracked 
| 148|0x0000000089400000, 0x0000000089500000, 0x0000000089500000|100%| O|  |TAMS 0x0000000089400000, 0x0000000089400000| Untracked 
| 149|0x0000000089500000, 0x00000000895f6c00, 0x0000000089600000| 96%| O|  |TAMS 0x0000000089500000, 0x0000000089500000| Untracked 
| 150|0x0000000089600000, 0x0000000089600000, 0x0000000089700000|  0%| F|  |TAMS 0x0000000089600000, 0x0000000089600000| Untracked 
| 151|0x0000000089700000, 0x0000000089700000, 0x0000000089800000|  0%| F|  |TAMS 0x0000000089700000, 0x0000000089700000| Untracked 
| 152|0x0000000089800000, 0x0000000089800000, 0x0000000089900000|  0%| F|  |TAMS 0x0000000089800000, 0x0000000089800000| Untracked 
| 153|0x0000000089900000, 0x0000000089900000, 0x0000000089a00000|  0%| F|  |TAMS 0x0000000089900000, 0x0000000089900000| Untracked 
| 154|0x0000000089a00000, 0x0000000089a00000, 0x0000000089b00000|  0%| F|  |TAMS 0x0000000089a00000, 0x0000000089a00000| Untracked 
| 155|0x0000000089b00000, 0x0000000089b00000, 0x0000000089c00000|  0%| F|  |TAMS 0x0000000089b00000, 0x0000000089b00000| Untracked 
| 156|0x0000000089c00000, 0x0000000089c00000, 0x0000000089d00000|  0%| F|  |TAMS 0x0000000089c00000, 0x0000000089c00000| Untracked 
| 157|0x0000000089d00000, 0x0000000089d00000, 0x0000000089e00000|  0%| F|  |TAMS 0x0000000089d00000, 0x0000000089d00000| Untracked 
| 158|0x0000000089e00000, 0x0000000089e00000, 0x0000000089f00000|  0%| F|  |TAMS 0x0000000089e00000, 0x0000000089e00000| Untracked 
| 159|0x0000000089f00000, 0x0000000089f00000, 0x000000008a000000|  0%| F|  |TAMS 0x0000000089f00000, 0x0000000089f00000| Untracked 
| 160|0x000000008a000000, 0x000000008a000000, 0x000000008a100000|  0%| F|  |TAMS 0x000000008a000000, 0x000000008a000000| Untracked 
| 161|0x000000008a100000, 0x000000008a100000, 0x000000008a200000|  0%| F|  |TAMS 0x000000008a100000, 0x000000008a100000| Untracked 
| 162|0x000000008a200000, 0x000000008a200000, 0x000000008a300000|  0%| F|  |TAMS 0x000000008a200000, 0x000000008a200000| Untracked 
| 163|0x000000008a300000, 0x000000008a300000, 0x000000008a400000|  0%| F|  |TAMS 0x000000008a300000, 0x000000008a300000| Untracked 
| 164|0x000000008a400000, 0x000000008a400000, 0x000000008a500000|  0%| F|  |TAMS 0x000000008a400000, 0x000000008a400000| Untracked 
| 165|0x000000008a500000, 0x000000008a500000, 0x000000008a600000|  0%| F|  |TAMS 0x000000008a500000, 0x000000008a500000| Untracked 
| 166|0x000000008a600000, 0x000000008a600000, 0x000000008a700000|  0%| F|  |TAMS 0x000000008a600000, 0x000000008a600000| Untracked 
| 167|0x000000008a700000, 0x000000008a700000, 0x000000008a800000|  0%| F|  |TAMS 0x000000008a700000, 0x000000008a700000| Untracked 
| 168|0x000000008a800000, 0x000000008a800000, 0x000000008a900000|  0%| F|  |TAMS 0x000000008a800000, 0x000000008a800000| Untracked 
| 169|0x000000008a900000, 0x000000008a900000, 0x000000008aa00000|  0%| F|  |TAMS 0x000000008a900000, 0x000000008a900000| Untracked 
| 170|0x000000008aa00000, 0x000000008aa00000, 0x000000008ab00000|  0%| F|  |TAMS 0x000000008aa00000, 0x000000008aa00000| Untracked 
| 171|0x000000008ab00000, 0x000000008ab00000, 0x000000008ac00000|  0%| F|  |TAMS 0x000000008ab00000, 0x000000008ab00000| Untracked 
| 172|0x000000008ac00000, 0x000000008ac00000, 0x000000008ad00000|  0%| F|  |TAMS 0x000000008ac00000, 0x000000008ac00000| Untracked 
| 173|0x000000008ad00000, 0x000000008ad00000, 0x000000008ae00000|  0%| F|  |TAMS 0x000000008ad00000, 0x000000008ad00000| Untracked 
| 174|0x000000008ae00000, 0x000000008ae00000, 0x000000008af00000|  0%| F|  |TAMS 0x000000008ae00000, 0x000000008ae00000| Untracked 
| 175|0x000000008af00000, 0x000000008af00000, 0x000000008b000000|  0%| F|  |TAMS 0x000000008af00000, 0x000000008af00000| Untracked 
| 176|0x000000008b000000, 0x000000008b000000, 0x000000008b100000|  0%| F|  |TAMS 0x000000008b000000, 0x000000008b000000| Untracked 
| 177|0x000000008b100000, 0x000000008b100000, 0x000000008b200000|  0%| F|  |TAMS 0x000000008b100000, 0x000000008b100000| Untracked 
| 178|0x000000008b200000, 0x000000008b200000, 0x000000008b300000|  0%| F|  |TAMS 0x000000008b200000, 0x000000008b200000| Untracked 
| 179|0x000000008b300000, 0x000000008b300000, 0x000000008b400000|  0%| F|  |TAMS 0x000000008b300000, 0x000000008b300000| Untracked 
| 180|0x000000008b400000, 0x000000008b400000, 0x000000008b500000|  0%| F|  |TAMS 0x000000008b400000, 0x000000008b400000| Untracked 
| 181|0x000000008b500000, 0x000000008b500000, 0x000000008b600000|  0%| F|  |TAMS 0x000000008b500000, 0x000000008b500000| Untracked 
| 182|0x000000008b600000, 0x000000008b600000, 0x000000008b700000|  0%| F|  |TAMS 0x000000008b600000, 0x000000008b600000| Untracked 
| 183|0x000000008b700000, 0x000000008b700000, 0x000000008b800000|  0%| F|  |TAMS 0x000000008b700000, 0x000000008b700000| Untracked 
| 184|0x000000008b800000, 0x000000008b800000, 0x000000008b900000|  0%| F|  |TAMS 0x000000008b800000, 0x000000008b800000| Untracked 
| 185|0x000000008b900000, 0x000000008b900000, 0x000000008ba00000|  0%| F|  |TAMS 0x000000008b900000, 0x000000008b900000| Untracked 
| 186|0x000000008ba00000, 0x000000008ba00000, 0x000000008bb00000|  0%| F|  |TAMS 0x000000008ba00000, 0x000000008ba00000| Untracked 
| 187|0x000000008bb00000, 0x000000008bb00000, 0x000000008bc00000|  0%| F|  |TAMS 0x000000008bb00000, 0x000000008bb00000| Untracked 
| 188|0x000000008bc00000, 0x000000008bc96280, 0x000000008bd00000| 58%| S|CS|TAMS 0x000000008bc00000, 0x000000008bc00000| Complete 
| 189|0x000000008bd00000, 0x000000008be00000, 0x000000008be00000|100%| S|CS|TAMS 0x000000008bd00000, 0x000000008bd00000| Complete 
| 190|0x000000008be00000, 0x000000008bf00000, 0x000000008bf00000|100%| S|CS|TAMS 0x000000008be00000, 0x000000008be00000| Complete 
| 191|0x000000008bf00000, 0x000000008c000000, 0x000000008c000000|100%| S|CS|TAMS 0x000000008bf00000, 0x000000008bf00000| Complete 
| 192|0x000000008c000000, 0x000000008c000000, 0x000000008c100000|  0%| F|  |TAMS 0x000000008c000000, 0x000000008c000000| Untracked 
| 193|0x000000008c100000, 0x000000008c100000, 0x000000008c200000|  0%| F|  |TAMS 0x000000008c100000, 0x000000008c100000| Untracked 
| 194|0x000000008c200000, 0x000000008c200000, 0x000000008c300000|  0%| F|  |TAMS 0x000000008c200000, 0x000000008c200000| Untracked 
| 195|0x000000008c300000, 0x000000008c300000, 0x000000008c400000|  0%| F|  |TAMS 0x000000008c300000, 0x000000008c300000| Untracked 
| 196|0x000000008c400000, 0x000000008c400000, 0x000000008c500000|  0%| F|  |TAMS 0x000000008c400000, 0x000000008c400000| Untracked 
| 197|0x000000008c500000, 0x000000008c500000, 0x000000008c600000|  0%| F|  |TAMS 0x000000008c500000, 0x000000008c500000| Untracked 
| 198|0x000000008c600000, 0x000000008c600000, 0x000000008c700000|  0%| F|  |TAMS 0x000000008c600000, 0x000000008c600000| Untracked 
| 199|0x000000008c700000, 0x000000008c700000, 0x000000008c800000|  0%| F|  |TAMS 0x000000008c700000, 0x000000008c700000| Untracked 
| 200|0x000000008c800000, 0x000000008c800000, 0x000000008c900000|  0%| F|  |TAMS 0x000000008c800000, 0x000000008c800000| Untracked 
| 201|0x000000008c900000, 0x000000008c900000, 0x000000008ca00000|  0%| F|  |TAMS 0x000000008c900000, 0x000000008c900000| Untracked 
| 202|0x000000008ca00000, 0x000000008ca00000, 0x000000008cb00000|  0%| F|  |TAMS 0x000000008ca00000, 0x000000008ca00000| Untracked 
| 203|0x000000008cb00000, 0x000000008cb00000, 0x000000008cc00000|  0%| F|  |TAMS 0x000000008cb00000, 0x000000008cb00000| Untracked 
| 204|0x000000008cc00000, 0x000000008cc00000, 0x000000008cd00000|  0%| F|  |TAMS 0x000000008cc00000, 0x000000008cc00000| Untracked 
| 205|0x000000008cd00000, 0x000000008cd00000, 0x000000008ce00000|  0%| F|  |TAMS 0x000000008cd00000, 0x000000008cd00000| Untracked 
| 206|0x000000008ce00000, 0x000000008ce00000, 0x000000008cf00000|  0%| F|  |TAMS 0x000000008ce00000, 0x000000008ce00000| Untracked 
| 207|0x000000008cf00000, 0x000000008cf00000, 0x000000008d000000|  0%| F|  |TAMS 0x000000008cf00000, 0x000000008cf00000| Untracked 
| 208|0x000000008d000000, 0x000000008d000000, 0x000000008d100000|  0%| F|  |TAMS 0x000000008d000000, 0x000000008d000000| Untracked 
| 209|0x000000008d100000, 0x000000008d100000, 0x000000008d200000|  0%| F|  |TAMS 0x000000008d100000, 0x000000008d100000| Untracked 
| 210|0x000000008d200000, 0x000000008d200000, 0x000000008d300000|  0%| F|  |TAMS 0x000000008d200000, 0x000000008d200000| Untracked 
| 211|0x000000008d300000, 0x000000008d300000, 0x000000008d400000|  0%| F|  |TAMS 0x000000008d300000, 0x000000008d300000| Untracked 
| 212|0x000000008d400000, 0x000000008d400000, 0x000000008d500000|  0%| F|  |TAMS 0x000000008d400000, 0x000000008d400000| Untracked 
| 213|0x000000008d500000, 0x000000008d500000, 0x000000008d600000|  0%| F|  |TAMS 0x000000008d500000, 0x000000008d500000| Untracked 
| 214|0x000000008d600000, 0x000000008d600000, 0x000000008d700000|  0%| F|  |TAMS 0x000000008d600000, 0x000000008d600000| Untracked 
| 215|0x000000008d700000, 0x000000008d700000, 0x000000008d800000|  0%| F|  |TAMS 0x000000008d700000, 0x000000008d700000| Untracked 
| 216|0x000000008d800000, 0x000000008d800000, 0x000000008d900000|  0%| F|  |TAMS 0x000000008d800000, 0x000000008d800000| Untracked 
| 217|0x000000008d900000, 0x000000008d900000, 0x000000008da00000|  0%| F|  |TAMS 0x000000008d900000, 0x000000008d900000| Untracked 
| 218|0x000000008da00000, 0x000000008da00000, 0x000000008db00000|  0%| F|  |TAMS 0x000000008da00000, 0x000000008da00000| Untracked 
| 219|0x000000008db00000, 0x000000008db00000, 0x000000008dc00000|  0%| F|  |TAMS 0x000000008db00000, 0x000000008db00000| Untracked 
| 220|0x000000008dc00000, 0x000000008dc00000, 0x000000008dd00000|  0%| F|  |TAMS 0x000000008dc00000, 0x000000008dc00000| Untracked 
| 221|0x000000008dd00000, 0x000000008dd00000, 0x000000008de00000|  0%| F|  |TAMS 0x000000008dd00000, 0x000000008dd00000| Untracked 
| 222|0x000000008de00000, 0x000000008de00000, 0x000000008df00000|  0%| F|  |TAMS 0x000000008de00000, 0x000000008de00000| Untracked 
| 223|0x000000008df00000, 0x000000008df84438, 0x000000008e000000| 51%| E|  |TAMS 0x000000008df00000, 0x000000008df00000| Complete 
| 224|0x000000008e000000, 0x000000008e100000, 0x000000008e100000|100%| E|CS|TAMS 0x000000008e000000, 0x000000008e000000| Complete 
| 225|0x000000008e100000, 0x000000008e200000, 0x000000008e200000|100%| E|CS|TAMS 0x000000008e100000, 0x000000008e100000| Complete 
| 226|0x000000008e200000, 0x000000008e300000, 0x000000008e300000|100%| E|CS|TAMS 0x000000008e200000, 0x000000008e200000| Complete 
| 227|0x000000008e300000, 0x000000008e400000, 0x000000008e400000|100%| E|CS|TAMS 0x000000008e300000, 0x000000008e300000| Complete 
| 228|0x000000008e400000, 0x000000008e500000, 0x000000008e500000|100%| E|CS|TAMS 0x000000008e400000, 0x000000008e400000| Complete 
| 229|0x000000008e500000, 0x000000008e600000, 0x000000008e600000|100%| E|CS|TAMS 0x000000008e500000, 0x000000008e500000| Complete 
| 230|0x000000008e600000, 0x000000008e700000, 0x000000008e700000|100%| E|CS|TAMS 0x000000008e600000, 0x000000008e600000| Complete 
| 231|0x000000008e700000, 0x000000008e800000, 0x000000008e800000|100%| E|CS|TAMS 0x000000008e700000, 0x000000008e700000| Complete 
| 232|0x000000008e800000, 0x000000008e900000, 0x000000008e900000|100%| E|CS|TAMS 0x000000008e800000, 0x000000008e800000| Complete 
| 233|0x000000008e900000, 0x000000008ea00000, 0x000000008ea00000|100%| E|CS|TAMS 0x000000008e900000, 0x000000008e900000| Complete 

Card table byte_map: [0x000001f7d90d0000,0x000001f7d94d0000] _byte_map_base: 0x000001f7d8cd0000

Marking Bits (Prev, Next): (CMBitMap*) 0x000001f7c21407d0, (CMBitMap*) 0x000001f7c2140810
 Prev Bits: [0x000001f7d98d0000, 0x000001f7db8d0000)
 Next Bits: [0x000001f7db8d0000, 0x000001f7dd8d0000)

Polling page: 0x000001f7c0050000

Metaspace:

Usage:
  Non-class:     84.56 MB used.
      Class:     13.85 MB used.
       Both:     98.41 MB used.

Virtual space:
  Non-class space:      128.00 MB reserved,      85.25 MB ( 67%) committed,  2 nodes.
      Class space:      416.00 MB reserved,      14.38 MB (  3%) committed,  1 nodes.
             Both:      544.00 MB reserved,      99.62 MB ( 18%) committed. 

Chunk freelists:
   Non-Class:  10.48 MB
       Class:  1.64 MB
        Both:  12.12 MB

MaxMetaspaceSize: 512.00 MB
CompressedClassSpaceSize: 416.00 MB
Initial GC threshold: 21.00 MB
Current GC threshold: 106.38 MB
CDS: on
MetaspaceReclaimPolicy: balanced
 - commit_granule_bytes: 65536.
 - commit_granule_words: 8192.
 - virtual_space_node_default_size: 8388608.
 - enlarge_chunks_in_place: 1.
 - new_chunks_are_fully_committed: 0.
 - uncommit_free_chunks: 1.
 - use_allocation_guard: 0.
 - handle_deallocations: 1.


Internal statistics:

num_allocs_failed_limit: 6.
num_arena_births: 1492.
num_arena_deaths: 0.
num_vsnodes_births: 3.
num_vsnodes_deaths: 0.
num_space_committed: 1594.
num_space_uncommitted: 0.
num_chunks_returned_to_freelist: 6.
num_chunks_taken_from_freelist: 6103.
num_chunk_merges: 6.
num_chunk_splits: 3885.
num_chunks_enlarged: 2433.
num_inconsistent_stats: 0.

CodeHeap 'non-profiled nmethods': size=120000Kb used=8115Kb max_used=8115Kb free=111884Kb
 bounds [0x000001f7d1470000, 0x000001f7d1c60000, 0x000001f7d89a0000]
CodeHeap 'profiled nmethods': size=120000Kb used=24811Kb max_used=24811Kb free=95188Kb
 bounds [0x000001f7c99a0000, 0x000001f7cb1e0000, 0x000001f7d0ed0000]
CodeHeap 'non-nmethods': size=5760Kb used=2438Kb max_used=2486Kb free=3321Kb
 bounds [0x000001f7d0ed0000, 0x000001f7d1150000, 0x000001f7d1470000]
 total_blobs=13340 nmethods=12374 adapters=878
 compilation: enabled
              stopped_count=0, restarted_count=0
 full_count=0

Compilation events (20 events):
Event: 108.183 Thread 0x000001f7e02e6d80 14626       3       kotlin.collections.MapsKt__MapsKt::plus (37 bytes)
Event: 108.184 Thread 0x000001f7e02e6d80 nmethod 14626 0x000001f7cb1b4f90 code [0x000001f7cb1b5260, 0x000001f7cb1b6018]
Event: 108.184 Thread 0x000001f7e02e6d80 14631       3       org.gradle.api.internal.DefaultNamedDomainObjectCollection::doAdd (63 bytes)
Event: 108.184 Thread 0x000001f7e02e6d80 nmethod 14631 0x000001f7cb1b6510 code [0x000001f7cb1b6780, 0x000001f7cb1b7428]
Event: 108.184 Thread 0x000001f7e02e6d80 14627       3       com.android.build.gradle.internal.scope.ArtifactPublishingUtil$publishArtifactToConfiguration$1::<init> (26 bytes)
Event: 108.184 Thread 0x000001f7e02e6d80 nmethod 14627 0x000001f7cb1b7810 code [0x000001f7cb1b79c0, 0x000001f7cb1b7c98]
Event: 108.184 Thread 0x000001f7e02e6d80 14628       3       org.gradle.api.internal.artifacts.configurations.DefaultConfigurationPublications::variants (11 bytes)
Event: 108.185 Thread 0x000001f7e02e6d80 nmethod 14628 0x000001f7cb1b7d90 code [0x000001f7cb1b7f40, 0x000001f7cb1b81d8]
Event: 108.185 Thread 0x000001f7e02e6d80 14629       3       com.android.build.gradle.internal.scope.ArtifactPublishingUtil$publishArtifactToConfiguration$1::execute (9 bytes)
Event: 108.185 Thread 0x000001f7e02e6d80 nmethod 14629 0x000001f7cb1b8310 code [0x000001f7cb1b84c0, 0x000001f7cb1b8708]
Event: 108.185 Thread 0x000001f7e02e6d80 14630       3       com.android.build.gradle.internal.scope.ArtifactPublishingUtil$publishArtifactToConfiguration$1::execute (47 bytes)
Event: 108.186 Thread 0x000001f7e02e6d80 nmethod 14630 0x000001f7cb1b8810 code [0x000001f7cb1b8ba0, 0x000001f7cb1ba138]
Event: 108.186 Thread 0x000001f7e02e6d80 14632       3       com.google.common.base.Preconditions::checkPositionIndexes (29 bytes)
Event: 108.186 Thread 0x000001f7e02e6d80 nmethod 14632 0x000001f7cb1ba910 code [0x000001f7cb1baac0, 0x000001f7cb1bad58]
Event: 108.196 Thread 0x000001f7e02e6d80 14633       3       org.codehaus.groovy.reflection.ReflectionCache::autoboxType (5 bytes)
Event: 108.197 Thread 0x000001f7e02e6d80 nmethod 14633 0x000001f7cb1bae90 code [0x000001f7cb1bb060, 0x000001f7cb1bb448]
Event: 108.197 Thread 0x000001f7e02e6d80 14634       3       org.codehaus.groovy.classgen.asm.util.TypeUtil::autoboxType (23 bytes)
Event: 108.197 Thread 0x000001f7e02e6d80 nmethod 14634 0x000001f7cb1bb590 code [0x000001f7cb1bb740, 0x000001f7cb1bbac8]
Event: 108.222 Thread 0x000001f7e02e6d80 14635       3       sun.reflect.annotation.AnnotationParser::contains (36 bytes)
Event: 108.222 Thread 0x000001f7e02e6d80 nmethod 14635 0x000001f7cb1bbc10 code [0x000001f7cb1bbdc0, 0x000001f7cb1bbfd8]

GC Heap History (20 events):
Event: 71.967 GC heap before
{Heap before GC invocations=33 (full 0):
 garbage-first heap   total 239616K, used 188687K [0x0000000080000000, 0x0000000100000000)
  region size 1024K, 119 young (121856K), 2 survivors (2048K)
 Metaspace       used 71841K, committed 72768K, reserved 491520K
  class space    used 10112K, committed 10560K, reserved 425984K
}
Event: 72.066 GC heap after
{Heap after GC invocations=34 (full 0):
 garbage-first heap   total 239616K, used 81263K [0x0000000080000000, 0x0000000100000000)
  region size 1024K, 14 young (14336K), 14 survivors (14336K)
 Metaspace       used 71841K, committed 72768K, reserved 491520K
  class space    used 10112K, committed 10560K, reserved 425984K
}
Event: 75.558 GC heap before
{Heap before GC invocations=34 (full 0):
 garbage-first heap   total 239616K, used 184687K [0x0000000080000000, 0x0000000100000000)
  region size 1024K, 116 young (118784K), 14 survivors (14336K)
 Metaspace       used 71933K, committed 72832K, reserved 491520K
  class space    used 10112K, committed 10560K, reserved 425984K
}
Event: 75.630 GC heap after
{Heap after GC invocations=35 (full 0):
 garbage-first heap   total 239616K, used 85247K [0x0000000080000000, 0x0000000100000000)
  region size 1024K, 7 young (7168K), 7 survivors (7168K)
 Metaspace       used 71933K, committed 72832K, reserved 491520K
  class space    used 10112K, committed 10560K, reserved 425984K
}
Event: 87.181 GC heap before
{Heap before GC invocations=35 (full 0):
 garbage-first heap   total 239616K, used 200959K [0x0000000080000000, 0x0000000100000000)
  region size 1024K, 109 young (111616K), 7 survivors (7168K)
 Metaspace       used 78160K, committed 79168K, reserved 557056K
  class space    used 10813K, committed 11264K, reserved 425984K
}
Event: 87.213 GC heap after
{Heap after GC invocations=36 (full 0):
 garbage-first heap   total 239616K, used 101562K [0x0000000080000000, 0x0000000100000000)
  region size 1024K, 14 young (14336K), 14 survivors (14336K)
 Metaspace       used 78160K, committed 79168K, reserved 557056K
  class space    used 10813K, committed 11264K, reserved 425984K
}
Event: 89.678 GC heap before
{Heap before GC invocations=36 (full 0):
 garbage-first heap   total 239616K, used 192698K [0x0000000080000000, 0x0000000100000000)
  region size 1024K, 101 young (103424K), 14 survivors (14336K)
 Metaspace       used 84109K, committed 85120K, reserved 557056K
  class space    used 11610K, committed 12096K, reserved 425984K
}
Event: 89.722 GC heap after
{Heap after GC invocations=37 (full 0):
 garbage-first heap   total 239616K, used 107597K [0x0000000080000000, 0x0000000100000000)
  region size 1024K, 5 young (5120K), 5 survivors (5120K)
 Metaspace       used 84109K, committed 85120K, reserved 557056K
  class space    used 11610K, committed 12096K, reserved 425984K
}
Event: 91.031 GC heap before
{Heap before GC invocations=37 (full 0):
 garbage-first heap   total 239616K, used 194637K [0x0000000080000000, 0x0000000100000000)
  region size 1024K, 90 young (92160K), 5 survivors (5120K)
 Metaspace       used 87147K, committed 88064K, reserved 557056K
  class space    used 12037K, committed 12480K, reserved 425984K
}
Event: 91.044 GC heap after
{Heap after GC invocations=38 (full 0):
 garbage-first heap   total 239616K, used 111701K [0x0000000080000000, 0x0000000100000000)
  region size 1024K, 9 young (9216K), 9 survivors (9216K)
 Metaspace       used 87147K, committed 88064K, reserved 557056K
  class space    used 12037K, committed 12480K, reserved 425984K
}
Event: 94.191 GC heap before
{Heap before GC invocations=38 (full 0):
 garbage-first heap   total 239616K, used 197717K [0x0000000080000000, 0x0000000100000000)
  region size 1024K, 92 young (94208K), 9 survivors (9216K)
 Metaspace       used 92396K, committed 93440K, reserved 557056K
  class space    used 12938K, committed 13440K, reserved 425984K
}
Event: 94.206 GC heap after
{Heap after GC invocations=39 (full 0):
 garbage-first heap   total 239616K, used 114555K [0x0000000080000000, 0x0000000100000000)
  region size 1024K, 8 young (8192K), 8 survivors (8192K)
 Metaspace       used 92396K, committed 93440K, reserved 557056K
  class space    used 12938K, committed 13440K, reserved 425984K
}
Event: 97.763 GC heap before
{Heap before GC invocations=39 (full 0):
 garbage-first heap   total 239616K, used 199547K [0x0000000080000000, 0x0000000100000000)
  region size 1024K, 91 young (93184K), 8 survivors (8192K)
 Metaspace       used 96383K, committed 97472K, reserved 557056K
  class space    used 13574K, committed 14080K, reserved 425984K
}
Event: 97.783 GC heap after
{Heap after GC invocations=40 (full 0):
 garbage-first heap   total 239616K, used 123796K [0x0000000080000000, 0x0000000100000000)
  region size 1024K, 12 young (12288K), 12 survivors (12288K)
 Metaspace       used 96383K, committed 97472K, reserved 557056K
  class space    used 13574K, committed 14080K, reserved 425984K
}
Event: 102.239 GC heap before
{Heap before GC invocations=40 (full 0):
 garbage-first heap   total 239616K, used 196500K [0x0000000080000000, 0x0000000100000000)
  region size 1024K, 84 young (86016K), 12 survivors (12288K)
 Metaspace       used 97234K, committed 98432K, reserved 557056K
  class space    used 13654K, committed 14208K, reserved 425984K
}
Event: 102.314 GC heap after
{Heap after GC invocations=41 (full 0):
 garbage-first heap   total 239616K, used 134249K [0x0000000080000000, 0x0000000100000000)
  region size 1024K, 11 young (11264K), 11 survivors (11264K)
 Metaspace       used 97234K, committed 98432K, reserved 557056K
  class space    used 13654K, committed 14208K, reserved 425984K
}
Event: 103.318 GC heap before
{Heap before GC invocations=41 (full 0):
 garbage-first heap   total 239616K, used 194665K [0x0000000080000000, 0x0000000100000000)
  region size 1024K, 71 young (72704K), 11 survivors (11264K)
 Metaspace       used 97235K, committed 98432K, reserved 557056K
  class space    used 13654K, committed 14208K, reserved 425984K
}
Event: 103.342 GC heap after
{Heap after GC invocations=42 (full 0):
 garbage-first heap   total 239616K, used 138205K [0x0000000080000000, 0x0000000100000000)
  region size 1024K, 5 young (5120K), 5 survivors (5120K)
 Metaspace       used 97235K, committed 98432K, reserved 557056K
  class space    used 13654K, committed 14208K, reserved 425984K
}
Event: 105.639 GC heap before
{Heap before GC invocations=42 (full 0):
 garbage-first heap   total 239616K, used 202717K [0x0000000080000000, 0x0000000100000000)
  region size 1024K, 63 young (64512K), 5 survivors (5120K)
 Metaspace       used 98007K, committed 99200K, reserved 557056K
  class space    used 13796K, committed 14336K, reserved 425984K
}
Event: 105.650 GC heap after
{Heap after GC invocations=43 (full 0):
 garbage-first heap   total 239616K, used 153839K [0x0000000080000000, 0x0000000100000000)
  region size 1024K, 8 young (8192K), 8 survivors (8192K)
 Metaspace       used 98007K, committed 99200K, reserved 557056K
  class space    used 13796K, committed 14336K, reserved 425984K
}

Deoptimization events (20 events):
Event: 108.000 Thread 0x000001f7e089e2e0 Uncommon trap: trap_request=0xffffffd6 fr.pc=0x000001f7d1b93edc relative=0x0000000000000c9c
Event: 108.000 Thread 0x000001f7e089e2e0 Uncommon trap: reason=array_check action=maybe_recompile pc=0x000001f7d1b93edc method=java.util.ComparableTimSort.binarySort([Ljava/lang/Object;III)V @ 215 c2
Event: 108.000 Thread 0x000001f7e089e2e0 DEOPT PACKING pc=0x000001f7d1b93edc sp=0x0000000e248f86c0
Event: 108.000 Thread 0x000001f7e089e2e0 DEOPT UNPACKING pc=0x000001f7d0f25ba3 sp=0x0000000e248f8680 mode 2
Event: 108.005 Thread 0x000001f7e089e2e0 Uncommon trap: trap_request=0xffffffd6 fr.pc=0x000001f7d1b94150 relative=0x0000000000000f10
Event: 108.005 Thread 0x000001f7e089e2e0 Uncommon trap: reason=array_check action=maybe_recompile pc=0x000001f7d1b94150 method=java.util.ComparableTimSort.binarySort([Ljava/lang/Object;III)V @ 183 c2
Event: 108.005 Thread 0x000001f7e089e2e0 DEOPT PACKING pc=0x000001f7d1b94150 sp=0x0000000e248f8380
Event: 108.005 Thread 0x000001f7e089e2e0 DEOPT UNPACKING pc=0x000001f7d0f25ba3 sp=0x0000000e248f8340 mode 2
Event: 108.008 Thread 0x000001f7e089e2e0 Uncommon trap: trap_request=0xffffffd6 fr.pc=0x000001f7d1b93ff0 relative=0x0000000000000db0
Event: 108.008 Thread 0x000001f7e089e2e0 Uncommon trap: reason=array_check action=maybe_recompile pc=0x000001f7d1b93ff0 method=java.util.ComparableTimSort.binarySort([Ljava/lang/Object;III)V @ 193 c2
Event: 108.008 Thread 0x000001f7e089e2e0 DEOPT PACKING pc=0x000001f7d1b93ff0 sp=0x0000000e248f7270
Event: 108.008 Thread 0x000001f7e089e2e0 DEOPT UNPACKING pc=0x000001f7d0f25ba3 sp=0x0000000e248f7230 mode 2
Event: 108.009 Thread 0x000001f7e089e2e0 Uncommon trap: trap_request=0xffffffd6 fr.pc=0x000001f7d1b93ff0 relative=0x0000000000000db0
Event: 108.009 Thread 0x000001f7e089e2e0 Uncommon trap: reason=array_check action=maybe_recompile pc=0x000001f7d1b93ff0 method=java.util.ComparableTimSort.binarySort([Ljava/lang/Object;III)V @ 193 c2
Event: 108.009 Thread 0x000001f7e089e2e0 DEOPT PACKING pc=0x000001f7d1b93ff0 sp=0x0000000e248f6160
Event: 108.009 Thread 0x000001f7e089e2e0 DEOPT UNPACKING pc=0x000001f7d0f25ba3 sp=0x0000000e248f6120 mode 2
Event: 108.212 Thread 0x000001f7e089e2e0 Uncommon trap: trap_request=0xffffffc6 fr.pc=0x000001f7d1c11ec0 relative=0x0000000000000ea0
Event: 108.212 Thread 0x000001f7e089e2e0 Uncommon trap: reason=bimorphic_or_optimized_type_check action=maybe_recompile pc=0x000001f7d1c11ec0 method=org.gradle.internal.ImmutableActionSet.add(Lorg/gradle/api/Action;)Lorg/gradle/internal/ImmutableActionSet; @ 83 c2
Event: 108.212 Thread 0x000001f7e089e2e0 DEOPT PACKING pc=0x000001f7d1c11ec0 sp=0x0000000e248f7010
Event: 108.213 Thread 0x000001f7e089e2e0 DEOPT UNPACKING pc=0x000001f7d0f25ba3 sp=0x0000000e248f7000 mode 2

Classes unloaded (0 events):
No events

Classes redefined (0 events):
No events

Internal exceptions (20 events):
Event: 106.269 Thread 0x000001f7e089e2e0 Exception <a 'java/lang/ClassNotFoundException'{0x000000008df4d678}: org/gradle/api/tasks/compile/JavaCompileCustomizer> (0x000000008df4d678) 
thrown [s\open\src\hotspot\share\classfile\systemDictionary.cpp, line 256]
Event: 106.301 Thread 0x000001f7e089e2e0 Exception <a 'java/lang/ClassNotFoundException'{0x000000008df76100}: org/gradle/api/tasks/compile/JavaCompile_DecoratedCustomizer> (0x000000008df76100) 
thrown [s\open\src\hotspot\share\classfile\systemDictionary.cpp, line 256]
Event: 106.870 Thread 0x000001f7e089e2e0 Exception <a 'sun/nio/fs/WindowsException'{0x000000008dab3f78}> (0x000000008dab3f78) 
thrown [s\open\src\hotspot\share\prims\jni.cpp, line 516]
Event: 106.998 Thread 0x000001f7e089e2e0 Implicit null exception at 0x000001f7d167b33a to 0x000001f7d167b554
Event: 107.002 Thread 0x000001f7e089e2e0 Exception <a 'java/lang/NoSuchMethodError'{0x000000008d87c348}: 'int java.lang.invoke.DirectMethodHandle$Holder.invokeStatic(java.lang.Object, java.lang.Object, int)'> (0x000000008d87c348) 
thrown [s\open\src\hotspot\share\interpreter\linkResolver.cpp, line 759]
Event: 107.003 Thread 0x000001f7e089e2e0 Exception <a 'java/lang/NoSuchMethodError'{0x000000008d880e50}: 'int java.lang.invoke.DirectMethodHandle$Holder.invokeSpecial(java.lang.Object, java.lang.Object, java.lang.Object, int)'> (0x000000008d880e50) 
thrown [s\open\src\hotspot\share\interpreter\linkResolver.cpp, line 759]
Event: 107.011 Thread 0x000001f7e089e2e0 Exception <a 'java/lang/NoSuchMethodError'{0x000000008d893508}: 'java.lang.Object java.lang.invoke.DirectMethodHandle$Holder.invokeStatic(java.lang.Object, java.lang.Object, java.lang.Object, java.lang.Object, int)'> (0x000000008d893508) 
thrown [s\open\src\hotspot\share\interpreter\linkResolver.cpp, line 759]
Event: 107.778 Thread 0x000001f7e089e2e0 Exception <a 'java/lang/ClassNotFoundException'{0x000000008c7e0b10}: com/android/build/gradle/tasks/ExternalNativeBuildJsonTask_DecoratedBeanInfo> (0x000000008c7e0b10) 
thrown [s\open\src\hotspot\share\classfile\systemDictionary.cpp, line 256]
Event: 107.779 Thread 0x000001f7e089e2e0 Exception <a 'java/lang/ClassNotFoundException'{0x000000008c7f0e18}: com/android/build/gradle/tasks/ExternalNativeBuildJsonTaskBeanInfo> (0x000000008c7f0e18) 
thrown [s\open\src\hotspot\share\classfile\systemDictionary.cpp, line 256]
Event: 107.779 Thread 0x000001f7e089e2e0 Exception <a 'java/lang/ClassNotFoundException'{0x000000008c602400}: com/android/build/gradle/internal/tasks/UnsafeOutputsTaskBeanInfo> (0x000000008c602400) 
thrown [s\open\src\hotspot\share\classfile\systemDictionary.cpp, line 256]
Event: 107.809 Thread 0x000001f7e089e2e0 Exception <a 'java/lang/ClassNotFoundException'{0x000000008c613aa8}: com/android/build/gradle/internal/tasks/AndroidVariantTaskBeanInfo> (0x000000008c613aa8) 
thrown [s\open\src\hotspot\share\classfile\systemDictionary.cpp, line 256]
Event: 107.820 Thread 0x000001f7e089e2e0 Exception <a 'java/lang/ClassNotFoundException'{0x000000008c624fd0}: com/android/build/gradle/internal/tasks/BaseTaskBeanInfo> (0x000000008c624fd0) 
thrown [s\open\src\hotspot\share\classfile\systemDictionary.cpp, line 256]
Event: 107.821 Thread 0x000001f7e089e2e0 Exception <a 'java/lang/ClassNotFoundException'{0x000000008c6367b0}: com/android/build/gradle/internal/tasks/BaseTaskCustomizer> (0x000000008c6367b0) 
thrown [s\open\src\hotspot\share\classfile\systemDictionary.cpp, line 256]
Event: 107.824 Thread 0x000001f7e089e2e0 Exception <a 'java/lang/ClassNotFoundException'{0x000000008c6592d0}: com/android/build/gradle/internal/tasks/AndroidVariantTaskCustomizer> (0x000000008c6592d0) 
thrown [s\open\src\hotspot\share\classfile\systemDictionary.cpp, line 256]
Event: 107.829 Thread 0x000001f7e089e2e0 Exception <a 'java/lang/ClassNotFoundException'{0x000000008c678d18}: com/android/build/gradle/internal/tasks/UnsafeOutputsTaskCustomizer> (0x000000008c678d18) 
thrown [s\open\src\hotspot\share\classfile\systemDictionary.cpp, line 256]
Event: 107.831 Thread 0x000001f7e089e2e0 Exception <a 'java/lang/ClassNotFoundException'{0x000000008c6975c8}: com/android/build/gradle/tasks/ExternalNativeBuildJsonTaskCustomizer> (0x000000008c6975c8) 
thrown [s\open\src\hotspot\share\classfile\systemDictionary.cpp, line 256]
Event: 107.833 Thread 0x000001f7e089e2e0 Exception <a 'java/lang/ClassNotFoundException'{0x000000008c6bfaa0}: com/android/build/gradle/tasks/ExternalNativeBuildJsonTask_DecoratedCustomizer> (0x000000008c6bfaa0) 
thrown [s\open\src\hotspot\share\classfile\systemDictionary.cpp, line 256]
Event: 108.006 Thread 0x000001f7e089e2e0 Exception <a 'java/lang/NoSuchMethodError'{0x000000008c4af980}: static Lcom/android/build/gradle/internal/cxx/prefab/PrefabPackagePublication;.<clinit>()V> (0x000000008c4af980) 
thrown [s\open\src\hotspot\share\prims\jni.cpp, line 1112]
Event: 108.009 Thread 0x000001f7e089e2e0 Exception <a 'java/lang/NoSuchMethodError'{0x000000008c4d9160}: static Lcom/android/build/gradle/internal/cxx/prefab/PrefabModulePublication;.<clinit>()V> (0x000000008c4d9160) 
thrown [s\open\src\hotspot\share\prims\jni.cpp, line 1112]
Event: 108.010 Thread 0x000001f7e089e2e0 Exception <a 'java/lang/NoSuchMethodError'{0x000000008c4f25e8}: static Lcom/android/build/gradle/internal/cxx/prefab/PrefabAbiPublication;.<clinit>()V> (0x000000008c4f25e8) 
thrown [s\open\src\hotspot\share\prims\jni.cpp, line 1112]

VM Operations (20 events):
Event: 103.316 Executing VM operation: Cleanup
Event: 103.317 Executing VM operation: Cleanup done
Event: 103.317 Executing VM operation: G1CollectForAllocation
Event: 103.344 Executing VM operation: G1CollectForAllocation done
Event: 104.352 Executing VM operation: Cleanup
Event: 104.352 Executing VM operation: Cleanup done
Event: 105.090 Executing VM operation: HandshakeAllThreads
Event: 105.091 Executing VM operation: HandshakeAllThreads done
Event: 105.639 Executing VM operation: G1CollectForAllocation
Event: 105.651 Executing VM operation: G1CollectForAllocation done
Event: 106.185 Executing VM operation: HandshakeAllThreads
Event: 106.185 Executing VM operation: HandshakeAllThreads done
Event: 107.057 Executing VM operation: HandshakeAllThreads
Event: 107.057 Executing VM operation: HandshakeAllThreads done
Event: 107.057 Executing VM operation: Cleanup
Event: 107.057 Executing VM operation: Cleanup done
Event: 107.070 Executing VM operation: HandshakeAllThreads
Event: 107.070 Executing VM operation: HandshakeAllThreads done
Event: 107.850 Executing VM operation: HandshakeAllThreads
Event: 107.850 Executing VM operation: HandshakeAllThreads done

Events (20 events):
Event: 106.838 loading class java/net/Proxy
Event: 106.838 loading class java/net/Proxy done
Event: 106.838 loading class java/net/Proxy$Type
Event: 106.838 loading class java/net/Proxy$Type done
Event: 107.001 loading class sun/invoke/util/ValueConversions$1
Event: 107.001 loading class sun/invoke/util/ValueConversions$1 done
Event: 107.005 loading class java/lang/invoke/BoundMethodHandle$Species_LI
Event: 107.005 loading class java/lang/invoke/BoundMethodHandle$Species_LI done
Event: 107.068 loading class java/io/FileReader
Event: 107.068 loading class java/io/FileReader done
Event: 107.211 loading class jdk/internal/reflect/UnsafeQualifiedIntegerFieldAccessorImpl
Event: 107.211 loading class jdk/internal/reflect/UnsafeQualifiedIntegerFieldAccessorImpl done
Event: 108.005 loading class java/io/SerialCallbackContext
Event: 108.005 loading class java/io/SerialCallbackContext done
Event: 108.186 loading class java/util/AbstractList$RandomAccessSubList
Event: 108.188 loading class java/util/AbstractList$SubList
Event: 108.188 loading class java/util/AbstractList$SubList done
Event: 108.188 loading class java/util/AbstractList$RandomAccessSubList done
Event: 108.189 loading class java/util/AbstractList$SubList$1
Event: 108.189 loading class java/util/AbstractList$SubList$1 done


Dynamic libraries:
0x00007ff689380000 - 0x00007ff689390000 	C:\Program Files\Java\jdk-17\bin\java.exe
0x00007ffb52cd0000 - 0x00007ffb52ee7000 	C:\WINDOWS\SYSTEM32\ntdll.dll
0x00007ffb525e0000 - 0x00007ffb526a4000 	C:\WINDOWS\System32\KERNEL32.DLL
0x00007ffb50600000 - 0x00007ffb509ba000 	C:\WINDOWS\System32\KERNELBASE.dll
0x00007ffb4ff90000 - 0x00007ffb500a1000 	C:\WINDOWS\System32\ucrtbase.dll
0x00007ffb01970000 - 0x00007ffb0198b000 	C:\Program Files\Java\jdk-17\bin\VCRUNTIME140.dll
0x00007ffb01bd0000 - 0x00007ffb01be9000 	C:\Program Files\Java\jdk-17\bin\jli.dll
0x00007ffb52520000 - 0x00007ffb525d2000 	C:\WINDOWS\System32\ADVAPI32.dll
0x00007ffb51a70000 - 0x00007ffb51b17000 	C:\WINDOWS\System32\msvcrt.dll
0x00007ffb526b0000 - 0x00007ffb52757000 	C:\WINDOWS\System32\sechost.dll
0x00007ffb50340000 - 0x00007ffb50368000 	C:\WINDOWS\System32\bcrypt.dll
0x00007ffb50ad0000 - 0x00007ffb50be4000 	C:\WINDOWS\System32\RPCRT4.dll
0x00007ffb50f00000 - 0x00007ffb510ae000 	C:\WINDOWS\System32\USER32.dll
0x00007ffb50310000 - 0x00007ffb50336000 	C:\WINDOWS\System32\win32u.dll
0x00007ffb519d0000 - 0x00007ffb519f9000 	C:\WINDOWS\System32\GDI32.dll
0x00007ffb50370000 - 0x00007ffb5048b000 	C:\WINDOWS\System32\gdi32full.dll
0x00007ffb501f0000 - 0x00007ffb5028a000 	C:\WINDOWS\System32\msvcp_win.dll
0x00007ffb2d520000 - 0x00007ffb2d7b2000 	C:\WINDOWS\WinSxS\amd64_microsoft.windows.common-controls_6595b64144ccf1df_6.0.22621.4541_none_2710d1c57384c085\COMCTL32.dll
0x00007ffb446d0000 - 0x00007ffb446da000 	C:\WINDOWS\SYSTEM32\VERSION.dll
0x00007ffb509c0000 - 0x00007ffb509f1000 	C:\WINDOWS\System32\IMM32.DLL
0x00007ffb156c0000 - 0x00007ffb156cc000 	C:\Program Files\Java\jdk-17\bin\vcruntime140_1.dll
0x00007ffaffe50000 - 0x00007ffaffede000 	C:\Program Files\Java\jdk-17\bin\msvcp140.dll
0x00007ffae6070000 - 0x00007ffae6c50000 	C:\Program Files\Java\jdk-17\bin\server\jvm.dll
0x00007ffb527f0000 - 0x00007ffb527f8000 	C:\WINDOWS\System32\PSAPI.DLL
0x00007ffb18480000 - 0x00007ffb18489000 	C:\WINDOWS\SYSTEM32\WSOCK32.dll
0x00007ffb52870000 - 0x00007ffb528e1000 	C:\WINDOWS\System32\WS2_32.dll
0x00007ffb48540000 - 0x00007ffb48574000 	C:\WINDOWS\SYSTEM32\WINMM.dll
0x00007ffb4f070000 - 0x00007ffb4f088000 	C:\WINDOWS\SYSTEM32\kernel.appcore.dll
0x00007ffb113f0000 - 0x00007ffb113fa000 	C:\Program Files\Java\jdk-17\bin\jimage.dll
0x00007ffb4d870000 - 0x00007ffb4daa2000 	C:\WINDOWS\SYSTEM32\DBGHELP.DLL
0x00007ffb528f0000 - 0x00007ffb52c81000 	C:\WINDOWS\System32\combase.dll
0x00007ffb52430000 - 0x00007ffb52507000 	C:\WINDOWS\System32\OLEAUT32.dll
0x00007ffb2e760000 - 0x00007ffb2e792000 	C:\WINDOWS\SYSTEM32\dbgcore.DLL
0x00007ffb50290000 - 0x00007ffb5030b000 	C:\WINDOWS\System32\bcryptPrimitives.dll
0x00007ffb362e0000 - 0x00007ffb362ee000 	C:\Program Files\Java\jdk-17\bin\instrument.dll
0x00007ffb01310000 - 0x00007ffb01335000 	C:\Program Files\Java\jdk-17\bin\java.dll
0x00007ffaffd70000 - 0x00007ffaffe47000 	C:\Program Files\Java\jdk-17\bin\jsvml.dll
0x00007ffb51b20000 - 0x00007ffb52399000 	C:\WINDOWS\System32\SHELL32.dll
0x00007ffb4ded0000 - 0x00007ffb4e7d9000 	C:\WINDOWS\SYSTEM32\windows.storage.dll
0x00007ffb4dd90000 - 0x00007ffb4decf000 	C:\WINDOWS\SYSTEM32\wintypes.dll
0x00007ffb50e00000 - 0x00007ffb50efa000 	C:\WINDOWS\System32\SHCORE.dll
0x00007ffb523c0000 - 0x00007ffb5241e000 	C:\WINDOWS\System32\shlwapi.dll
0x00007ffb4fec0000 - 0x00007ffb4feeb000 	C:\WINDOWS\SYSTEM32\profapi.dll
0x00007ffb114a0000 - 0x00007ffb114b8000 	C:\Program Files\Java\jdk-17\bin\zip.dll
0x00007ffb2cc40000 - 0x00007ffb2cc59000 	C:\Program Files\Java\jdk-17\bin\net.dll
0x00007ffb49a00000 - 0x00007ffb49b36000 	C:\WINDOWS\SYSTEM32\WINHTTP.dll
0x00007ffb4f540000 - 0x00007ffb4f5a9000 	C:\WINDOWS\system32\mswsock.dll
0x00007ffb114c0000 - 0x00007ffb114d6000 	C:\Program Files\Java\jdk-17\bin\nio.dll
0x00007ffb120e0000 - 0x00007ffb120f0000 	C:\Program Files\Java\jdk-17\bin\verify.dll
0x00007ffb11410000 - 0x00007ffb11437000 	C:\Users\00021\.gradle\native\c067742578af261105cb4f569cf0c3c89f3d7b1fecec35dd04571415982c5e48\windows-amd64\native-platform.dll
0x00007ffae21d0000 - 0x00007ffae2314000 	C:\Users\00021\.gradle\native\100fb08df4bc3b14c8652ba06237920a3bd2aa13389f12d3474272988ae205f9\windows-amd64\native-platform-file-events.dll
0x00007ffb3dbe0000 - 0x00007ffb3dbea000 	C:\Program Files\Java\jdk-17\bin\management.dll
0x00007ffb3dbd0000 - 0x00007ffb3dbdb000 	C:\Program Files\Java\jdk-17\bin\management_ext.dll
0x00007ffb4f7a0000 - 0x00007ffb4f7bb000 	C:\WINDOWS\SYSTEM32\CRYPTSP.dll
0x00007ffb4efa0000 - 0x00007ffb4efd5000 	C:\WINDOWS\system32\rsaenh.dll
0x00007ffb4f630000 - 0x00007ffb4f658000 	C:\WINDOWS\SYSTEM32\USERENV.dll
0x00007ffb4f790000 - 0x00007ffb4f79c000 	C:\WINDOWS\SYSTEM32\CRYPTBASE.dll
0x00007ffb4ea80000 - 0x00007ffb4eaad000 	C:\WINDOWS\SYSTEM32\IPHLPAPI.DLL
0x00007ffb51a00000 - 0x00007ffb51a09000 	C:\WINDOWS\System32\NSI.dll
0x00007ffb42f50000 - 0x00007ffb42f69000 	C:\WINDOWS\SYSTEM32\dhcpcsvc6.DLL
0x00007ffb42f30000 - 0x00007ffb42f4f000 	C:\WINDOWS\SYSTEM32\dhcpcsvc.DLL
0x00007ffb4eb20000 - 0x00007ffb4ec22000 	C:\WINDOWS\SYSTEM32\DNSAPI.dll
0x00007ffb3dbc0000 - 0x00007ffb3dbce000 	C:\Program Files\Java\jdk-17\bin\sunmscapi.dll
0x00007ffb50490000 - 0x00007ffb505f6000 	C:\WINDOWS\System32\CRYPT32.dll
0x00007ffb4f950000 - 0x00007ffb4f97d000 	C:\WINDOWS\SYSTEM32\ncrypt.dll
0x00007ffb4f910000 - 0x00007ffb4f947000 	C:\WINDOWS\SYSTEM32\NTASN1.dll
0x00007ffb04720000 - 0x00007ffb04728000 	C:\WINDOWS\system32\wshunix.dll
0x00007ffb33660000 - 0x00007ffb33677000 	C:\WINDOWS\system32\napinsp.dll
0x00007ffb333f0000 - 0x00007ffb3340b000 	C:\WINDOWS\system32\pnrpnsp.dll
0x00007ffb333d0000 - 0x00007ffb333e1000 	C:\WINDOWS\System32\winrnr.dll
0x00007ffb45530000 - 0x00007ffb45545000 	C:\WINDOWS\system32\wshbth.dll
0x00007ffb33330000 - 0x00007ffb33357000 	C:\WINDOWS\system32\nlansp_c.dll
0x00007ffb425d0000 - 0x00007ffb425da000 	C:\Windows\System32\rasadhlp.dll
0x00007ffb40d90000 - 0x00007ffb40e13000 	C:\WINDOWS\System32\fwpuclnt.dll

dbghelp: loaded successfully - version: 4.0.5 - missing functions: none
symbol engine: initialized successfully - sym options: 0x614 - pdb path: .;C:\Program Files\Java\jdk-17\bin;C:\WINDOWS\SYSTEM32;C:\WINDOWS\WinSxS\amd64_microsoft.windows.common-controls_6595b64144ccf1df_6.0.22621.4541_none_2710d1c57384c085;C:\Program Files\Java\jdk-17\bin\server;C:\Users\00021\.gradle\native\c067742578af261105cb4f569cf0c3c89f3d7b1fecec35dd04571415982c5e48\windows-amd64;C:\Users\00021\.gradle\native\100fb08df4bc3b14c8652ba06237920a3bd2aa13389f12d3474272988ae205f9\windows-amd64

VM Arguments:
jvm_args: -XX:MaxMetaspaceSize=512m --add-opens=java.base/java.util=ALL-UNNAMED --add-opens=java.base/java.lang=ALL-UNNAMED --add-opens=java.base/java.lang.invoke=ALL-UNNAMED --add-opens=java.prefs/java.util.prefs=ALL-UNNAMED --add-exports=jdk.compiler/com.sun.tools.javac.api=ALL-UNNAMED --add-exports=jdk.compiler/com.sun.tools.javac.util=ALL-UNNAMED --add-opens=java.base/java.nio.charset=ALL-UNNAMED --add-opens=java.base/java.net=ALL-UNNAMED --add-opens=java.base/java.util.concurrent.atomic=ALL-UNNAMED -Xmx2048m -Dfile.encoding=x-windows-949 -Duser.country=KR -Duser.language=ko -Duser.variant -javaagent:C:\Users\00021\.gradle\wrapper\dists\gradle-8.10.2-all\7iv73wktx1xtkvlq19urqw1wm\gradle-8.10.2\lib\agents\gradle-instrumentation-agent-8.10.2.jar 
java_command: org.gradle.launcher.daemon.bootstrap.GradleDaemon 8.10.2
java_class_path (initial): C:\Users\00021\.gradle\wrapper\dists\gradle-8.10.2-all\7iv73wktx1xtkvlq19urqw1wm\gradle-8.10.2\lib\gradle-daemon-main-8.10.2.jar
Launcher Type: SUN_STANDARD

[Global flags]
     intx CICompilerCount                          = 4                                         {product} {ergonomic}
   size_t CompressedClassSpaceSize                 = 436207616                                 {product} {ergonomic}
     uint ConcGCThreads                            = 2                                         {product} {ergonomic}
     uint G1ConcRefinementThreads                  = 8                                         {product} {ergonomic}
   size_t G1HeapRegionSize                         = 1048576                                   {product} {ergonomic}
    uintx GCDrainStackTargetSize                   = 64                                        {product} {ergonomic}
   size_t InitialHeapSize                          = 130023424                                 {product} {ergonomic}
   size_t MarkStackSize                            = 4194304                                   {product} {ergonomic}
   size_t MaxHeapSize                              = 2147483648                                {product} {command line}
   size_t MaxMetaspaceSize                         = 536870912                                 {product} {command line}
   size_t MaxNewSize                               = 1287651328                                {product} {ergonomic}
   size_t MinHeapDeltaBytes                        = 1048576                                   {product} {ergonomic}
   size_t MinHeapSize                              = 8388608                                   {product} {ergonomic}
    uintx NonNMethodCodeHeapSize                   = 5839372                                {pd product} {ergonomic}
    uintx NonProfiledCodeHeapSize                  = 122909434                              {pd product} {ergonomic}
    uintx ProfiledCodeHeapSize                     = 122909434                              {pd product} {ergonomic}
    uintx ReservedCodeCacheSize                    = 251658240                              {pd product} {ergonomic}
     bool SegmentedCodeCache                       = true                                      {product} {ergonomic}
   size_t SoftMaxHeapSize                          = 2147483648                             {manageable} {ergonomic}
     bool UseCompressedClassPointers               = true                           {product lp64_product} {ergonomic}
     bool UseCompressedOops                        = true                           {product lp64_product} {ergonomic}
     bool UseG1GC                                  = true                                      {product} {ergonomic}
     bool UseLargePagesIndividualAllocation        = false                                  {pd product} {ergonomic}

Logging:
Log output configuration:
 #0: stdout all=warning uptime,level,tags
 #1: stderr all=off uptime,level,tags

Environment Variables:
JAVA_HOME=C:\Program Files\Java\jdk-17
CLASSPATH=c:\Users\00021\re\greentouch-demo-app\android\\gradle\wrapper\gradle-wrapper.jar
PATH=C:\Program Files\Common Files\Oracle\Java\javapath;C:\WINDOWS\system32;C:\WINDOWS;C:\WINDOWS\System32\Wbem;C:\WINDOWS\System32\WindowsPowerShell\v1.0\;C:\WINDOWS\System32\OpenSSH\;C:\Program Files\nodejs\;C:\Program Files\Git\cmd;C:\Users\00021\AppData\Local\Android\Sdk\cmake\3.22.1\bin;C:\Users\00021\AppData\Local\Microsoft\WindowsApps;C:\Users\00021\AppData\Roaming\npm;C:\Users\00021\AppData\Local\Programs\Microsoft VS Code\bin;C:\Program Files\Java\jdk-17\bin;C:\Users\00021\AppData\Local\Android\Sdk\platform-tools;C:\Program Files\nodejs;C:\Users\00021\AppData\Local\Android\Sdk\tools;
USERNAME=00021
OS=Windows_NT
PROCESSOR_IDENTIFIER=Intel64 Family 6 Model 140 Stepping 1, GenuineIntel



---------------  S Y S T E M  ---------------

OS:
 Windows 11 , 64 bit Build 22621 (10.0.22621.4391)
OS uptime: 0 days 7:32 hours

CPU: total 8 (initial active 8) (4 cores per cpu, 2 threads per core) family 6 model 140 stepping 1 microcode 0xb4, cx8, cmov, fxsr, ht, mmx, 3dnowpref, sse, sse2, sse3, ssse3, sse4.1, sse4.2, popcnt, lzcnt, tsc, tscinvbit, avx, avx2, aes, erms, clmul, bmi1, bmi2, adx, avx512f, avx512dq, avx512cd, avx512bw, avx512vl, sha, fma, vzeroupper, avx512_vpopcntdq, avx512_vpclmulqdq, avx512_vaes, avx512_vnni, clflush, clflushopt, clwb, avx512_vbmi2, avx512_vbmi

Memory: 4k page, system-wide physical 7865M (57M free)
TotalPageFile size 22732M (AvailPageFile size 1M)
current process WorkingSet (physical memory assigned to process): 344M, peak: 368M
current process commit charge ("private bytes"): 565M, peak: 566M

vm_info: Java HotSpot(TM) 64-Bit Server VM (17.0.12+8-LTS-286) for windows-amd64 JRE (17.0.12+8-LTS-286), built on Jun  5 2024 06:46:59 by "mach5one" with MS VC++ 17.6 (VS2022)

END.
